
Cadence Innovus(TM) Implementation System.
Copyright 2017 Cadence Design Systems, Inc. All rights reserved worldwide.

Version:	v17.11-s080_1, built Fri Aug 4 11:13:11 PDT 2017
Options:	
Date:		Sat Feb 13 22:27:56 2021
Host:		localhost.localdomain (x86_64 w/Linux 3.10.0-957.5.1.el7.x86_64) (1core*2cpus*Westmere E56xx/L56xx/X56xx (Nehalem-C) 4096KB)
OS:		CentOS Linux release 7.6.1810 (Core) 

License:
		invs	Innovus Implementation System	17.1	checkout succeeded
		8 CPU jobs allowed with the current license(s). Use setMultiCpuUsage to set your required CPU count.
Change the soft stacksize limit to 0.2%RAM (31 mbytes). Set global soft_stack_size_limit to change the value.

**INFO:  MMMC transition support version v31-84 

<CMD> set_global _enable_mmmc_by_default_flow      $CTE::mmmc_default
<CMD> suppressMessage ENCEXT-2799
<CMD> getDrawView
<CMD> loadWorkspace -name Physical
<CMD> win
<CMD> set init_design_netlisttype verilog
<CMD> set init_design_settop 1
<CMD> set init_top_cell RISCV_pipeline
<CMD> set init_verilog ../netlist/RISCV_pipeline.v
<CMD> set init_lef_file /software/dk/nangate45/lef/NangateOpenCellLibrary.lef
<CMD> set init_gnd_net VSS
<CMD> set init_pwr_net VDD
<CMD> set init_design_netlisttype verilog
<CMD> set init_design_settop 1
<CMD> set init_top_cell RISCV_pipeline
<CMD> set init_verilog ../netlist/RISCV_pipeline.v
<CMD> set init_lef_file /software/dk/nangate45/lef/NangateOpenCellLibrary.lef
<CMD> set init_gnd_net VSS
<CMD> set init_pwr_net VDD
<CMD> init_design

Loading LEF file /software/dk/nangate45/lef/NangateOpenCellLibrary.lef ...
Set DBUPerIGU to M2 pitch 380.

viaInitial starts at Sat Feb 13 22:31:45 2021
viaInitial ends at Sat Feb 13 22:31:45 2021
*** End library_loading (cpu=0.00min, real=0.00min, mem=0.0M, fe_cpu=0.48min, fe_real=3.82min, fe_mem=496.3M) ***
#% Begin Load netlist data ... (date=02/13 22:31:45, mem=414.6M)
*** Begin netlist parsing (mem=496.3M) ***
Created 0 new cells from 0 timing libraries.
Reading netlist ...
Backslashed names will retain backslash and a trailing blank character.
Reading verilog netlist '../netlist/RISCV_pipeline.v'

*** Memory Usage v#1 (Current mem = 504.285M, initial mem = 179.684M) ***
*** End netlist parsing (cpu=0:00:00.3, real=0:00:00.0, mem=504.3M) ***
#% End Load netlist data ... (date=02/13 22:31:45, total cpu=0:00:00.3, real=0:00:00.0, peak res=423.0M, current mem=423.0M)
Set top cell to RISCV_pipeline.
Hooked 0 DB cells to tlib cells.
Starting recursive module instantiation check.
No recursion found.
Building hierarchical netlist for Cell RISCV_pipeline ...
*** Netlist is unique.
** info: there are 135 modules.
** info: there are 15324 stdCell insts.

*** Memory Usage v#1 (Current mem = 517.699M, initial mem = 179.684M) ***
Generated pitch 1.68 in metal10 is different from 1.6 defined in technology file in preferred direction.
Generated pitch 0.84 in metal8 is different from 0.8 defined in technology file in preferred direction.
Generated pitch 0.84 in metal7 is different from 0.8 defined in technology file in preferred direction.
Set Default Net Delay as 1000 ps.
Set Default Net Load as 0.5 pF. 
Set Default Input Pin Transition as 0.1 ps.
**WARN: (IMPSYT-7328):	The design has been initialized in physical-only mode because the init_mmmc_file global variable was not defined. Timing analysis will not be possible within this session. You can only use commands that do not depend on timing data. If you need to use timing, you need to restart with an init_mmmc_file to define the timing setup, or you can save this design and use restoreDesign -mmmc_file <viewDef.tcl> to add the timing setup information.
Extraction setup Started 

*** Summary of all messages that are not suppressed in this session:
Severity  ID               Count  Summary                                  
WARNING   IMPSYT-7328          1  The design has been initialized in physi...
*** Message Summary: 1 warning(s), 0 error(s)

<CMD> getIoFlowFlag
<CMD> setIoFlowFlag 0
<CMD> floorPlan -coreMarginsBy die -site FreePDK45_38x28_10R_NP_162NW_34O -r 1.0 0.6 5.0 5.0 5.0 5.0
Generated pitch 1.68 in metal10 is different from 1.6 defined in technology file in preferred direction.
Generated pitch 0.84 in metal8 is different from 0.8 defined in technology file in preferred direction.
Generated pitch 0.84 in metal7 is different from 0.8 defined in technology file in preferred direction.
**WARN: (IMPFP-325):	Floorplan of the design is resized. All current floorplan objects are automatically derived based on specified new floorplan. This may change blocks, fixed standard cells, existing routes and blockages.
<CMD> uiSetTool select
<CMD> getIoFlowFlag
<CMD> fit
<CMD> set sprCreateIeRingOffset 1.0
<CMD> set sprCreateIeRingThreshold 1.0
<CMD> set sprCreateIeRingJogDistance 1.0
<CMD> set sprCreateIeRingLayers {}
<CMD> set sprCreateIeRingOffset 1.0
<CMD> set sprCreateIeRingThreshold 1.0
<CMD> set sprCreateIeRingJogDistance 1.0
<CMD> set sprCreateIeRingLayers {}
<CMD> set sprCreateIeStripeWidth 10.0
<CMD> set sprCreateIeStripeThreshold 1.0
<CMD> set sprCreateIeStripeWidth 10.0
<CMD> set sprCreateIeStripeThreshold 1.0
<CMD> set sprCreateIeRingOffset 1.0
<CMD> set sprCreateIeRingThreshold 1.0
<CMD> set sprCreateIeRingJogDistance 1.0
<CMD> set sprCreateIeRingLayers {}
<CMD> set sprCreateIeStripeWidth 10.0
<CMD> set sprCreateIeStripeThreshold 1.0
<CMD> setAddRingMode -ring_target default -extend_over_row 0 -ignore_rows 0 -avoid_short 0 -skip_crossing_trunks none -stacked_via_top_layer metal10 -stacked_via_bottom_layer metal1 -via_using_exact_crossover_size 1 -orthogonal_only true -skip_via_on_pin {  standardcell } -skip_via_on_wire_shape {  noshape }
The ring targets are set to core/block ring wires.
addRing command will consider rows while creating rings.
addRing command will disallow rings to go over rows.
addRing command will ignore shorts while creating rings.
<CMD> addRing -nets {VDD VSS} -type core_rings -follow core -layer {top metal1 bottom metal1 left metal2 right metal2} -width {top 0.8 bottom 0.8 left 0.8 right 0.8} -spacing {top 0.8 bottom 0.8 left 0.8 right 0.8} -offset {top 1.8 bottom 1.8 left 1.8 right 1.8} -center 1 -extend_corner {} -threshold 0 -jog_distance 0 -snap_wire_center_to_grid None

Ring generation is complete.
vias are now being generated.
addRing created 8 wires.
ViaGen created 8 vias, deleted 0 via to avoid violation.
+--------+----------------+----------------+
|  Layer |     Created    |     Deleted    |
+--------+----------------+----------------+
| metal1 |        4       |       NA       |
|  via1  |        8       |        0       |
| metal2 |        4       |       NA       |
+--------+----------------+----------------+
**ERROR: (IMPSYT-16175):	<To Global Net> field must be specified.
<CMD> clearGlobalNets
<CMD> globalNetConnect VDD -type pgpin -pin VDD -inst * -module {}
<CMD> globalNetConnect VSS -type pgpin -pin VSS -inst * -module {}
<CMD> clearGlobalNets
<CMD> globalNetConnect VDD -type pgpin -pin VDD -inst * -module {}
<CMD> globalNetConnect VSS -type pgpin -pin VSS -inst * -module {}
<CMD> setSrouteMode -viaConnectToShape { noshape }
<CMD> sroute -connect { blockPin padPin padRing corePin floatingStripe } -layerChangeRange { metal1(1) metal10(10) } -blockPinTarget { nearestTarget } -padPinPortConnect { allPort oneGeom } -padPinTarget { nearestTarget } -corePinTarget { firstAfterRowEnd } -floatingStripeTarget { blockring padring ring stripe ringpin blockpin followpin } -allowJogging 1 -crossoverViaLayerRange { metal1(1) metal10(10) } -nets { VDD VSS } -allowLayerChange 1 -blockPin useLef -targetViaLayerRange { metal1(1) metal10(10) }
*** Begin SPECIAL ROUTE on Sat Feb 13 22:44:59 2021 ***
SPECIAL ROUTE ran on directory: /home/isa16/lab3/isa16_lab3/no_abs/innovus
SPECIAL ROUTE ran on machine: localhost.localdomain (Linux 3.10.0-957.5.1.el7.x86_64 x86_64 1.99Ghz)

Begin option processing ...
srouteConnectPowerBump set to false
routeSelectNet set to "VDD VSS"
routeSpecial set to true
srouteBlockPin set to "useLef"
srouteBottomLayerLimit set to 1
srouteBottomTargetLayerLimit set to 1
srouteConnectConverterPin set to false
srouteCrossoverViaBottomLayer set to 1
srouteCrossoverViaTopLayer set to 10
srouteFloatingStripeTarget set to "blockring padring ring stripe ringpin blockpin followpin"
srouteFollowCorePinEnd set to 3
srouteJogControl set to "preferWithChanges differentLayer"
srouteNoViaOnWireShape set to "padring ring stripe blockring blockpin coverpin blockwire corewire followpin iowire"
sroutePadPinAllPorts set to true
sroutePreserveExistingRoutes set to true
srouteRoutePowerBarPortOnBothDir set to true
srouteStopBlockPin set to "nearestTarget"
srouteTopLayerLimit set to 10
srouteTopTargetLayerLimit set to 10
End option processing: cpu: 0:00:00, real: 0:00:00, peak: 1453.00 megs.

Reading DB technology information...
Finished reading DB technology information.
Reading floorplan and netlist information...
Finished reading floorplan and netlist information.
Read in 20 layers, 10 routing layers, 1 overlap layer
Read in 134 macros, 37 used
Read in 37 components
  37 core components: 37 unplaced, 0 placed, 0 fixed
Read in 292 logical pins
Read in 292 nets
Read in 2 special nets, 2 routed
Read in 74 terminals
2 nets selected.

Begin power routing ...
**WARN: (IMPSR-1254):	Cannot find any block pin of net VDD. Check netlist, or change option to include the pin.
**WARN: (IMPSR-1256):	Cannot find any CORE class pad pin of net VDD. Change routing area or layer to include the expected pin, or check netlist, or change port class in the technology file.
Type 'man IMPSR-1256' for more detail.
Cannot find any AREAIO class pad pin of net VDD. Check net list, or change port class in the technology file, or change option to include pin in given range.
**WARN: (IMPSR-1254):	Cannot find any block pin of net VSS. Check netlist, or change option to include the pin.
**WARN: (IMPSR-1256):	Cannot find any CORE class pad pin of net VSS. Change routing area or layer to include the expected pin, or check netlist, or change port class in the technology file.
Type 'man IMPSR-1256' for more detail.
Cannot find any AREAIO class pad pin of net VSS. Check net list, or change port class in the technology file, or change option to include pin in given range.
CPU time for FollowPin 0 seconds
CPU time for FollowPin 0 seconds
  Number of IO ports routed: 0
  Number of Block ports routed: 0
  Number of Stripe ports routed: 0
  Number of Core ports routed: 310
  Number of Pad ports routed: 0
  Number of Power Bump ports routed: 0
  Number of Followpin connections: 155
End power routing: cpu: 0:00:00, real: 0:00:00, peak: 1463.00 megs.



 Begin updating DB with routing results ...
 Updating DB with 0 via definition ...Extracting standard cell pins and blockage ...... 
Pin and blockage extraction finished

sroute created 465 wires.
ViaGen created 310 vias, deleted 0 via to avoid violation.
+--------+----------------+----------------+
|  Layer |     Created    |     Deleted    |
+--------+----------------+----------------+
| metal1 |       465      |       NA       |
|  via1  |       310      |        0       |
+--------+----------------+----------------+
<CMD> setPlaceMode -prerouteAsObs {1 2 3 4 5 6 7 8}
<CMD> setPlaceMode -fp false
<CMD> placeDesign
**WARN: (IMPSP-9513):	Timing constraint file does not exist
**WARN: (IMPSP-9514):	Non-TimingDriven placement will be performed.
*** Starting placeDesign default flow ***
Deleted 0 physical inst  (cell - / prefix -).
*** Starting "NanoPlace(TM) placement v#10 (mem=721.9M)" ...
No user setting net weight.
Options: clkGateAware ignoreScan pinGuide congEffort=auto gpeffort=medium 
Scan chains were not defined.
#std cell=15324 (0 fixed + 15324 movable) #block=0 (0 floating + 0 preplaced)
#ioInst=0 #net=15437 #term=55985 #term/net=3.63, #fixedIo=0, #floatIo=0, #fixedPin=0, #floatPin=292
stdCell: 15324 single + 0 double + 0 multi
Total standard cell length = 20.1476 (mm), area = 0.0282 (mm^2)
Estimated cell power/ground rail width = 0.197 um
Average module density = 0.600.
Density for the design = 0.600.
       = stdcell_area 106040 sites (28207 um^2) / alloc_area 176792 sites (47027 um^2).
Pin Density = 0.3167.
            = total # of pins 55985 / total area 176792.
=== lastAutoLevel = 9 
**WARN: (IMPSP-9531):	Turning off clkGateAware when timingDriven is off
Iteration  1: Total net bbox = 1.197e-08 (3.76e-09 8.22e-09)
              Est.  stn bbox = 1.257e-08 (3.94e-09 8.63e-09)
              cpu = 0:00:00.1 real = 0:00:00.0 mem = 746.3M
Iteration  2: Total net bbox = 1.197e-08 (3.76e-09 8.22e-09)
              Est.  stn bbox = 1.257e-08 (3.94e-09 8.63e-09)
              cpu = 0:00:00.0 real = 0:00:00.0 mem = 746.3M
Iteration  3: Total net bbox = 1.989e+02 (9.27e+01 1.06e+02)
              Est.  stn bbox = 2.328e+02 (1.06e+02 1.26e+02)
              cpu = 0:00:00.7 real = 0:00:02.0 mem = 766.3M
Iteration  4: Total net bbox = 1.962e+05 (9.85e+04 9.78e+04)
              Est.  stn bbox = 2.499e+05 (1.23e+05 1.27e+05)
              cpu = 0:00:05.9 real = 0:00:12.0 mem = 766.3M
Iteration  5: Total net bbox = 1.997e+05 (9.07e+04 1.09e+05)
              Est.  stn bbox = 2.584e+05 (1.15e+05 1.43e+05)
              cpu = 0:00:07.3 real = 0:00:17.0 mem = 766.3M
Iteration  6: Total net bbox = 2.081e+05 (9.79e+04 1.10e+05)
              Est.  stn bbox = 2.712e+05 (1.25e+05 1.46e+05)
              cpu = 0:00:10.2 real = 0:00:20.0 mem = 770.3M
Iteration  7: Total net bbox = 2.600e+05 (1.16e+05 1.44e+05)
              Est.  stn bbox = 3.246e+05 (1.44e+05 1.80e+05)
              cpu = 0:00:00.5 real = 0:00:01.0 mem = 774.4M
Iteration  8: Total net bbox = 2.600e+05 (1.16e+05 1.44e+05)
              Est.  stn bbox = 3.246e+05 (1.44e+05 1.80e+05)
              cpu = 0:00:00.0 real = 0:00:00.0 mem = 774.4M
Iteration  9: Total net bbox = 2.700e+05 (1.24e+05 1.47e+05)
              Est.  stn bbox = 3.374e+05 (1.53e+05 1.84e+05)
              cpu = 0:00:12.3 real = 0:00:23.0 mem = 776.9M
Iteration 10: Total net bbox = 2.700e+05 (1.24e+05 1.47e+05)
              Est.  stn bbox = 3.374e+05 (1.53e+05 1.84e+05)
              cpu = 0:00:00.1 real = 0:00:00.0 mem = 776.9M
Iteration 11: Total net bbox = 2.725e+05 (1.25e+05 1.47e+05)
              Est.  stn bbox = 3.401e+05 (1.55e+05 1.85e+05)
              cpu = 0:00:09.4 real = 0:00:18.0 mem = 776.9M
Iteration 12: Total net bbox = 2.725e+05 (1.25e+05 1.47e+05)
              Est.  stn bbox = 3.401e+05 (1.55e+05 1.85e+05)
              cpu = 0:00:00.0 real = 0:00:00.0 mem = 776.9M
Iteration 13: Total net bbox = 2.833e+05 (1.29e+05 1.54e+05)
              Est.  stn bbox = 3.499e+05 (1.58e+05 1.92e+05)
              cpu = 0:00:17.1 real = 0:00:31.0 mem = 780.8M
Iteration 14: Total net bbox = 2.833e+05 (1.29e+05 1.54e+05)
              Est.  stn bbox = 3.499e+05 (1.58e+05 1.92e+05)
              cpu = 0:00:00.0 real = 0:00:00.0 mem = 780.8M
*** cost = 2.833e+05 (1.29e+05 1.54e+05) (cpu for global=0:01:04) real=0:02:06***
Solver runtime cpu: 0:00:59.9 real: 0:01:57
Core Placement runtime cpu: 0:01:03 real: 0:02:03
**WARN: (IMPSP-9025):	No scan chain specified/traced.
Type 'man IMPSP-9025' for more detail.
*** Starting refinePlace (0:02:05 mem=780.8M) ***
Total net bbox length = 2.833e+05 (1.294e+05 1.539e+05) (ext = 4.711e+04)
Density distribution unevenness ratio = 5.671%
Move report: Detail placement moves 15324 insts, mean move: 0.89 um, max move: 25.91 um
	Max move on inst (ID_STAGE_RF_U428): (129.06, 125.01) --> (133.00, 103.04)
	Runtime: CPU: 0:00:05.9 REAL: 0:00:11.0 MEM: 780.8MB
Summary Report:
Instances move: 15324 (out of 15324 movable)
Instances flipped: 0
Mean displacement: 0.89 um
Max displacement: 25.91 um (Instance: ID_STAGE_RF_U428) (129.063, 125.012) -> (133, 103.04)
	Length: 3 sites, height: 1 rows, site name: FreePDK45_38x28_10R_NP_162NW_34O, cell type: BUF_X1
Total net bbox length = 2.784e+05 (1.241e+05 1.544e+05) (ext = 4.665e+04)
Runtime: CPU: 0:00:06.0 REAL: 0:00:12.0 MEM: 780.8MB
*** Finished refinePlace (0:02:11 mem=780.8M) ***
*** End of Placement (cpu=0:01:10, real=0:02:19, mem=780.8M) ***
default core: bins with density >  0.75 = 3.52 % ( 9 / 256 )
Density distribution unevenness ratio = 5.654%
Starting congestion repair ...
[NR-eGR] honorMsvRouteConstraint: false
[NR-eGR] honorClockSpecNDR      : 0
[NR-eGR] minRouteLayer          : 2
[NR-eGR] maxRouteLayer          : 127
[NR-eGR] numTracksPerClockWire  : 0
[NR-eGR] Layer1 has no routable track
[NR-eGR] Layer2 has single uniform track structure
[NR-eGR] Layer3 has single uniform track structure
[NR-eGR] Layer4 has single uniform track structure
[NR-eGR] Layer5 has single uniform track structure
[NR-eGR] Layer6 has single uniform track structure
[NR-eGR] Layer7 has single uniform track structure
[NR-eGR] Layer8 has single uniform track structure
[NR-eGR] Layer9 has single uniform track structure
[NR-eGR] Layer10 has single uniform track structure
[NR-eGR] numRoutingBlks=0 numInstBlks=0 numPGBlocks=322 numBumpBlks=0 numBoundaryFakeBlks=0
[NR-eGR] numPreroutedNet = 0  numPreroutedWires = 0
[NR-eGR] Read numTotalNets=15275  numIgnoredNets=0
[NR-eGR] ============ Routing rule table ============
[NR-eGR] Rule id 0. Nets 15275 
[NR-eGR] id=0  ndrTrackId=0  ndrViaId=-1  extraSpace=0  numShields=0  maxHorDemand=1  maxVerDemand=1
[NR-eGR] Pitch:  L1=270  L2=380  L3=280  L4=560  L5=560  L6=560  L7=1680  L8=1680  L9=3200  L10=3360
[NR-eGR] ========================================
[NR-eGR] 
[NR-eGR] Layer group 1: route 15275 net(s) in layer range [2, 10]
[NR-eGR] earlyGlobalRoute overflow of layer group 1: 0.00% H + 0.00% V. EstWL: 2.783830e+05um
[NR-eGR] 
[NR-eGR] Congestion Analysis Layer By layer: (blocked Gcells are excluded) 
[NR-eGR]                OverCon            
[NR-eGR]                 #Gcell     %Gcell
[NR-eGR] Layer              (2)    OverCon 
[NR-eGR] ------------------------------------
[NR-eGR] Layer1       0( 0.00%)   ( 0.00%) 
[NR-eGR] Layer2      32( 0.12%)   ( 0.12%) 
[NR-eGR] Layer3       3( 0.01%)   ( 0.01%) 
[NR-eGR] Layer4      20( 0.08%)   ( 0.08%) 
[NR-eGR] Layer5       4( 0.02%)   ( 0.02%) 
[NR-eGR] Layer6       0( 0.00%)   ( 0.00%) 
[NR-eGR] Layer7       1( 0.00%)   ( 0.00%) 
[NR-eGR] Layer8       0( 0.00%)   ( 0.00%) 
[NR-eGR] Layer9       0( 0.00%)   ( 0.00%) 
[NR-eGR] Layer10       0( 0.00%)   ( 0.00%) 
[NR-eGR] ------------------------------------
[NR-eGR] Total       60( 0.03%)   ( 0.03%) 
[NR-eGR] 
[NR-eGR] Overflow after earlyGlobalRoute (GR compatible) 0.00% H + 0.00% V
[NR-eGR] Overflow after earlyGlobalRoute 0.00% H + 0.00% V
Local HotSpot Analysis: normalized max congestion hotspot area = 0.00, normalized total congestion hotspot area = 0.00 (area is in unit of 4 std-cell row bins)
Skipped repairing congestion.
[NR-eGR] --------------------------------------------------------------------------
[NR-eGR] Layer1(metal1)(F) length: 0.000000e+00um, number of vias: 55531
[NR-eGR] Layer2(metal2)(V) length: 6.613418e+04um, number of vias: 70716
[NR-eGR] Layer3(metal3)(H) length: 1.050666e+05um, number of vias: 25606
[NR-eGR] Layer4(metal4)(V) length: 4.891713e+04um, number of vias: 4723
[NR-eGR] Layer5(metal5)(H) length: 2.884704e+04um, number of vias: 3919
[NR-eGR] Layer6(metal6)(V) length: 3.446617e+04um, number of vias: 455
[NR-eGR] Layer7(metal7)(H) length: 4.870284e+03um, number of vias: 215
[NR-eGR] Layer8(metal8)(V) length: 3.788848e+03um, number of vias: 4
[NR-eGR] Layer9(metal9)(H) length: 1.680000e+00um, number of vias: 0
[NR-eGR] Layer10(metal10)(V) length: 0.000000e+00um, number of vias: 0
[NR-eGR] Total length: 2.920919e+05um, number of vias: 161169
[NR-eGR] --------------------------------------------------------------------------
[NR-eGR] Total clock nets wire length: 0.000000e+00um 
[NR-eGR] --------------------------------------------------------------------------
End of congRepair (cpu=0:00:01.2, real=0:00:02.0)
*** Finishing placeDesign default flow ***
**placeDesign ... cpu = 0: 1:12, real = 0: 2:22, mem = 790.8M **

*** Summary of all messages that are not suppressed in this session:
Severity  ID               Count  Summary                                  
WARNING   IMPSP-9513           1  Timing constraint file does not exist    
WARNING   IMPSP-9514           1  Non-TimingDriven placement will be perfo...
WARNING   IMPSP-9531           1  Turning off clkGateAware when timingDriv...
WARNING   IMPSP-9025           1  No scan chain specified/traced.          
*** Message Summary: 4 warning(s), 0 error(s)

<CMD> selectWire 186.5950 176.9600 186.7350 178.0800 4 {ID_STAGE_RF_MEM[299]}
<CMD> deselectAll
<CMD> selectInst ID_STAGE_RF_U2168
<CMD> deselectAll
<CMD> setOptMode -fixCap true -fixTran true -fixFanoutLoad false
<CMD> optDesign -postCTS
**WARN: (IMPOPT-576):	292 nets have unplaced terms. 
Type 'man IMPOPT-576' for more detail.
**INFO: setDesignMode -flowEffort standard -> setting 'setOptMode -allEndPoints true' for the duration of this command.
GigaOpt running with 1 threads.
**WARN: (IMPOPT-3000):	Buffer footprint is not defined or is an invalid buffer footprint.
Type 'man IMPOPT-3000' for more detail.
**WARN: (IMPOPT-3001):	Inverter footprint is not defined or is an invalid inverter footprint.
Type 'man IMPOPT-3001' for more detail.
**WARN: No usable buffer/inverter becasue of dont-use/dont-touch setting.
Updating RC grid for preRoute extraction ...
**DIAG[/icd/cm_t1nb_001/INNOVUS171/Rel/17.11/main/lnx86_64_opt/17.11-s080_1/fe/src/op/opUtil.c:6729:update]: Assert "powerView != toCteGetDefaultAnalysisView()"
Total number of combinational cells: 0
Total number of sequential cells: 0
Total number of tristate cells: 0
Total number of level shifter cells: 0
Total number of power gating cells: 0
Total number of isolation cells: 0
Total number of power switch cells: 0
Total number of pulse generator cells: 0
Total number of always on buffers: 0
Total number of retention cells: 0
List of usable buffers:
Total number of usable buffers: 0
List of unusable buffers:
Total number of unusable buffers: 0
List of usable inverters:
Total number of usable inverters: 0
List of unusable inverters:
Total number of unusable inverters: 0
List of identified usable delay cells:
Total number of identified usable delay cells: 0
List of identified unusable delay cells:
Total number of identified unusable delay cells: 0
No delay cells were detected in the set of buffers. Buffers will be used to fix hold violations.
**DIAG[/icd/cm_t1nb_001/INNOVUS171/Rel/17.11/main/lnx86_64_opt/17.11-s080_1/fe/src/op/opUtil.c:6740:update]: Assert "powerViewTlc"
**DIAG[/icd/cm_t1nb_001/INNOVUS171/Rel/17.11/main/lnx86_64_opt/17.11-s080_1/fe/src/op/opUtil.c:6729:update]: Assert "powerView != toCteGetDefaultAnalysisView()"
**DIAG[/icd/cm_t1nb_001/INNOVUS171/Rel/17.11/main/lnx86_64_opt/17.11-s080_1/fe/src/op/opUtil.c:6740:update]: Assert "powerViewTlc"
** ERROR ** Cannot find corner default_rc_corner in layerResPerDBUForCorner table.
** ERROR ** Cannot find corner default_rc_corner in layerCapPerDBUForCorner table.
** ERROR ** Cannot find corner default_rc_corner in layerResPerDBUForCorner table.
** ERROR ** Cannot find corner default_rc_corner in layerCapPerDBUForCorner table.
** ERROR ** Cannot find corner default_rc_corner in layerCapPerDBUForCorner table.
** ERROR ** Cannot find corner default_rc_corner in layerCapPerDBUForCorner table.
** ERROR ** Cannot find corner default_rc_corner in layerCapPerDBUForCorner table.
** ERROR ** Cannot find corner default_rc_corner in layerCapPerDBUForCorner table.
** ERROR ** Cannot find corner default_rc_corner in layerCapPerDBUForCorner table.
** ERROR ** Cannot find corner default_rc_corner in layerCapPerDBUForCorner table.
** ERROR ** Cannot find corner default_rc_corner in layerCapPerDBUForCorner table.
** ERROR ** Cannot find corner default_rc_corner in layerCapPerDBUForCorner table.
** ERROR ** Cannot find corner default_rc_corner in layerCapPerDBUForCorner table.
** ERROR ** Cannot find corner default_rc_corner in layerCapPerDBUForCorner table.
** ERROR ** Cannot find corner default_rc_corner in layerCapPerDBUForCorner table.
** ERROR ** Cannot find corner default_rc_corner in layerCapPerDBUForCorner table.
** ERROR ** Cannot find corner default_rc_corner in layerCapPerDBUForCorner table.
** ERROR ** Cannot find corner default_rc_corner in layerCapPerDBUForCorner table.
** ERROR ** Cannot find corner default_rc_corner in layerCapPerDBUForCorner table.
** ERROR ** Cannot find corner default_rc_corner in layerCapPerDBUForCorner table.
** ERROR ** Cannot find corner default_rc_corner in layerCapPerDBUForCorner table.
** ERROR ** Cannot find corner default_rc_corner in layerCapPerDBUForCorner table.
** ERROR ** Cannot find corner default_rc_corner in layerCapPerDBUForCorner table.
** ERROR ** Cannot find corner default_rc_corner in layerCapPerDBUForCorner table.
**WARN: (IMPOPT-3000):	Buffer footprint is not defined or is an invalid buffer footprint.
Type 'man IMPOPT-3000' for more detail.
**WARN: (IMPOPT-3001):	Inverter footprint is not defined or is an invalid inverter footprint.
Type 'man IMPOPT-3001' for more detail.
** ERROR ** Cannot find corner default_rc_corner in layerResPerDBUForCorner table.
** ERROR ** Cannot find corner default_rc_corner in layerCapPerDBUForCorner table.
** ERROR ** Cannot find corner default_rc_corner in layerResPerDBUForCorner table.
** ERROR ** Cannot find corner default_rc_corner in layerCapPerDBUForCorner table.
** ERROR ** Cannot find corner default_rc_corner in layerResPerDBUForCorner table.
** ERROR ** Cannot find corner default_rc_corner in layerCapPerDBUForCorner table.
** ERROR ** Cannot find corner default_rc_corner in layerResPerDBUForCorner table.
** ERROR ** Cannot find corner default_rc_corner in layerCapPerDBUForCorner table.
**DIAG[/icd/cm_t1nb_001/INNOVUS171/Rel/17.11/main/lnx86_64_opt/17.11-s080_1/fe/src/op/opUtil.c:6729:update]: Assert "powerView != toCteGetDefaultAnalysisView()"
**DIAG[/icd/cm_t1nb_001/INNOVUS171/Rel/17.11/main/lnx86_64_opt/17.11-s080_1/fe/src/op/opUtil.c:6740:update]: Assert "powerViewTlc"
**WARN: (IMPOPT-665):	INSTRUCTION[31] : Net has unplaced terms or is connected to uplaced instances in design. 
Type 'man IMPOPT-665' for more detail.
**WARN: (IMPOPT-665):	INSTRUCTION[30] : Net has unplaced terms or is connected to uplaced instances in design. 
Type 'man IMPOPT-665' for more detail.
**WARN: (IMPOPT-665):	INSTRUCTION[29] : Net has unplaced terms or is connected to uplaced instances in design. 
Type 'man IMPOPT-665' for more detail.
**WARN: (IMPOPT-665):	INSTRUCTION[28] : Net has unplaced terms or is connected to uplaced instances in design. 
Type 'man IMPOPT-665' for more detail.
**WARN: (IMPOPT-665):	INSTRUCTION[27] : Net has unplaced terms or is connected to uplaced instances in design. 
Type 'man IMPOPT-665' for more detail.
**WARN: (IMPOPT-665):	INSTRUCTION[26] : Net has unplaced terms or is connected to uplaced instances in design. 
Type 'man IMPOPT-665' for more detail.
**WARN: (IMPOPT-665):	INSTRUCTION[25] : Net has unplaced terms or is connected to uplaced instances in design. 
Type 'man IMPOPT-665' for more detail.
**WARN: (IMPOPT-665):	INSTRUCTION[24] : Net has unplaced terms or is connected to uplaced instances in design. 
Type 'man IMPOPT-665' for more detail.
**WARN: (IMPOPT-665):	INSTRUCTION[23] : Net has unplaced terms or is connected to uplaced instances in design. 
Type 'man IMPOPT-665' for more detail.
**WARN: (IMPOPT-665):	INSTRUCTION[22] : Net has unplaced terms or is connected to uplaced instances in design. 
Type 'man IMPOPT-665' for more detail.
**WARN: (IMPOPT-665):	INSTRUCTION[21] : Net has unplaced terms or is connected to uplaced instances in design. 
Type 'man IMPOPT-665' for more detail.
**WARN: (IMPOPT-665):	INSTRUCTION[20] : Net has unplaced terms or is connected to uplaced instances in design. 
Type 'man IMPOPT-665' for more detail.
**WARN: (IMPOPT-665):	INSTRUCTION[19] : Net has unplaced terms or is connected to uplaced instances in design. 
Type 'man IMPOPT-665' for more detail.
**WARN: (IMPOPT-665):	INSTRUCTION[18] : Net has unplaced terms or is connected to uplaced instances in design. 
Type 'man IMPOPT-665' for more detail.
**WARN: (IMPOPT-665):	INSTRUCTION[17] : Net has unplaced terms or is connected to uplaced instances in design. 
Type 'man IMPOPT-665' for more detail.
**WARN: (IMPOPT-665):	INSTRUCTION[16] : Net has unplaced terms or is connected to uplaced instances in design. 
Type 'man IMPOPT-665' for more detail.
**WARN: (IMPOPT-665):	INSTRUCTION[15] : Net has unplaced terms or is connected to uplaced instances in design. 
Type 'man IMPOPT-665' for more detail.
**WARN: (IMPOPT-665):	INSTRUCTION[14] : Net has unplaced terms or is connected to uplaced instances in design. 
Type 'man IMPOPT-665' for more detail.
**WARN: (IMPOPT-665):	INSTRUCTION[13] : Net has unplaced terms or is connected to uplaced instances in design. 
Type 'man IMPOPT-665' for more detail.
**WARN: (IMPOPT-665):	INSTRUCTION[12] : Net has unplaced terms or is connected to uplaced instances in design. 
Type 'man IMPOPT-665' for more detail.
**WARN: (EMS-27):	Message (IMPOPT-665) has exceeded the current message display limit of 20.
To increase the message display limit, refer to the product command reference manual.
Setting timing_disable_library_data_to_data_checks to 'true'.
Setting timing_disable_user_data_to_data_checks to 'true'.
**optDesign ... cpu = 0:00:00, real = 0:00:00, mem = 693.5M, totSessionCpu=0:02:33 **
**ERROR: (IMPOPT-6029):	Timing Library is not loaded yetInfo: Destroy the CCOpt slew target map.
<CMD> setOptMode -fixCap true -fixTran true -fixFanoutLoad false
<CMD> optDesign -postCTS
**WARN: (IMPOPT-576):	292 nets have unplaced terms. 
Type 'man IMPOPT-576' for more detail.
**INFO: setDesignMode -flowEffort standard -> setting 'setOptMode -allEndPoints true' for the duration of this command.
GigaOpt running with 1 threads.
**WARN: No usable buffer/inverter becasue of dont-use/dont-touch setting.
**DIAG[/icd/cm_t1nb_001/INNOVUS171/Rel/17.11/main/lnx86_64_opt/17.11-s080_1/fe/src/op/opUtil.c:6729:update]: Assert "powerView != toCteGetDefaultAnalysisView()"
Total number of combinational cells: 0
Total number of sequential cells: 0
Total number of tristate cells: 0
Total number of level shifter cells: 0
Total number of power gating cells: 0
Total number of isolation cells: 0
Total number of power switch cells: 0
Total number of pulse generator cells: 0
Total number of always on buffers: 0
Total number of retention cells: 0
List of usable buffers:
Total number of usable buffers: 0
List of unusable buffers:
Total number of unusable buffers: 0
List of usable inverters:
Total number of usable inverters: 0
List of unusable inverters:
Total number of unusable inverters: 0
List of identified usable delay cells:
Total number of identified usable delay cells: 0
List of identified unusable delay cells:
Total number of identified unusable delay cells: 0
No delay cells were detected in the set of buffers. Buffers will be used to fix hold violations.
**DIAG[/icd/cm_t1nb_001/INNOVUS171/Rel/17.11/main/lnx86_64_opt/17.11-s080_1/fe/src/op/opUtil.c:6740:update]: Assert "powerViewTlc"
**DIAG[/icd/cm_t1nb_001/INNOVUS171/Rel/17.11/main/lnx86_64_opt/17.11-s080_1/fe/src/op/opUtil.c:6729:update]: Assert "powerView != toCteGetDefaultAnalysisView()"
**DIAG[/icd/cm_t1nb_001/INNOVUS171/Rel/17.11/main/lnx86_64_opt/17.11-s080_1/fe/src/op/opUtil.c:6740:update]: Assert "powerViewTlc"
** ERROR ** Cannot find corner default_rc_corner in layerResPerDBUForCorner table.
** ERROR ** Cannot find corner default_rc_corner in layerCapPerDBUForCorner table.
** ERROR ** Cannot find corner default_rc_corner in layerResPerDBUForCorner table.
** ERROR ** Cannot find corner default_rc_corner in layerCapPerDBUForCorner table.
** ERROR ** Cannot find corner default_rc_corner in layerCapPerDBUForCorner table.
** ERROR ** Cannot find corner default_rc_corner in layerCapPerDBUForCorner table.
** ERROR ** Cannot find corner default_rc_corner in layerCapPerDBUForCorner table.
** ERROR ** Cannot find corner default_rc_corner in layerCapPerDBUForCorner table.
** ERROR ** Cannot find corner default_rc_corner in layerCapPerDBUForCorner table.
** ERROR ** Cannot find corner default_rc_corner in layerCapPerDBUForCorner table.
** ERROR ** Cannot find corner default_rc_corner in layerCapPerDBUForCorner table.
** ERROR ** Cannot find corner default_rc_corner in layerCapPerDBUForCorner table.
** ERROR ** Cannot find corner default_rc_corner in layerCapPerDBUForCorner table.
** ERROR ** Cannot find corner default_rc_corner in layerCapPerDBUForCorner table.
** ERROR ** Cannot find corner default_rc_corner in layerCapPerDBUForCorner table.
** ERROR ** Cannot find corner default_rc_corner in layerCapPerDBUForCorner table.
** ERROR ** Cannot find corner default_rc_corner in layerCapPerDBUForCorner table.
** ERROR ** Cannot find corner default_rc_corner in layerCapPerDBUForCorner table.
** ERROR ** Cannot find corner default_rc_corner in layerCapPerDBUForCorner table.
** ERROR ** Cannot find corner default_rc_corner in layerCapPerDBUForCorner table.
** ERROR ** Cannot find corner default_rc_corner in layerCapPerDBUForCorner table.
** ERROR ** Cannot find corner default_rc_corner in layerCapPerDBUForCorner table.
** ERROR ** Cannot find corner default_rc_corner in layerCapPerDBUForCorner table.
** ERROR ** Cannot find corner default_rc_corner in layerCapPerDBUForCorner table.
**WARN: (IMPOPT-3000):	Buffer footprint is not defined or is an invalid buffer footprint.
Type 'man IMPOPT-3000' for more detail.
**WARN: (IMPOPT-3001):	Inverter footprint is not defined or is an invalid inverter footprint.
Type 'man IMPOPT-3001' for more detail.
** ERROR ** Cannot find corner default_rc_corner in layerResPerDBUForCorner table.
** ERROR ** Cannot find corner default_rc_corner in layerCapPerDBUForCorner table.
** ERROR ** Cannot find corner default_rc_corner in layerResPerDBUForCorner table.
** ERROR ** Cannot find corner default_rc_corner in layerCapPerDBUForCorner table.
** ERROR ** Cannot find corner default_rc_corner in layerResPerDBUForCorner table.
** ERROR ** Cannot find corner default_rc_corner in layerCapPerDBUForCorner table.
** ERROR ** Cannot find corner default_rc_corner in layerResPerDBUForCorner table.
** ERROR ** Cannot find corner default_rc_corner in layerCapPerDBUForCorner table.
**DIAG[/icd/cm_t1nb_001/INNOVUS171/Rel/17.11/main/lnx86_64_opt/17.11-s080_1/fe/src/op/opUtil.c:6729:update]: Assert "powerView != toCteGetDefaultAnalysisView()"
**DIAG[/icd/cm_t1nb_001/INNOVUS171/Rel/17.11/main/lnx86_64_opt/17.11-s080_1/fe/src/op/opUtil.c:6740:update]: Assert "powerViewTlc"
**WARN: (IMPOPT-665):	INSTRUCTION[31] : Net has unplaced terms or is connected to uplaced instances in design. 
Type 'man IMPOPT-665' for more detail.
**WARN: (IMPOPT-665):	INSTRUCTION[30] : Net has unplaced terms or is connected to uplaced instances in design. 
Type 'man IMPOPT-665' for more detail.
**WARN: (IMPOPT-665):	INSTRUCTION[29] : Net has unplaced terms or is connected to uplaced instances in design. 
Type 'man IMPOPT-665' for more detail.
**WARN: (IMPOPT-665):	INSTRUCTION[28] : Net has unplaced terms or is connected to uplaced instances in design. 
Type 'man IMPOPT-665' for more detail.
**WARN: (IMPOPT-665):	INSTRUCTION[27] : Net has unplaced terms or is connected to uplaced instances in design. 
Type 'man IMPOPT-665' for more detail.
**WARN: (IMPOPT-665):	INSTRUCTION[26] : Net has unplaced terms or is connected to uplaced instances in design. 
Type 'man IMPOPT-665' for more detail.
**WARN: (IMPOPT-665):	INSTRUCTION[25] : Net has unplaced terms or is connected to uplaced instances in design. 
Type 'man IMPOPT-665' for more detail.
**WARN: (IMPOPT-665):	INSTRUCTION[24] : Net has unplaced terms or is connected to uplaced instances in design. 
Type 'man IMPOPT-665' for more detail.
**WARN: (IMPOPT-665):	INSTRUCTION[23] : Net has unplaced terms or is connected to uplaced instances in design. 
Type 'man IMPOPT-665' for more detail.
**WARN: (IMPOPT-665):	INSTRUCTION[22] : Net has unplaced terms or is connected to uplaced instances in design. 
Type 'man IMPOPT-665' for more detail.
**WARN: (IMPOPT-665):	INSTRUCTION[21] : Net has unplaced terms or is connected to uplaced instances in design. 
Type 'man IMPOPT-665' for more detail.
**WARN: (IMPOPT-665):	INSTRUCTION[20] : Net has unplaced terms or is connected to uplaced instances in design. 
Type 'man IMPOPT-665' for more detail.
**WARN: (IMPOPT-665):	INSTRUCTION[19] : Net has unplaced terms or is connected to uplaced instances in design. 
Type 'man IMPOPT-665' for more detail.
**WARN: (IMPOPT-665):	INSTRUCTION[18] : Net has unplaced terms or is connected to uplaced instances in design. 
Type 'man IMPOPT-665' for more detail.
**WARN: (IMPOPT-665):	INSTRUCTION[17] : Net has unplaced terms or is connected to uplaced instances in design. 
Type 'man IMPOPT-665' for more detail.
**WARN: (IMPOPT-665):	INSTRUCTION[16] : Net has unplaced terms or is connected to uplaced instances in design. 
Type 'man IMPOPT-665' for more detail.
**WARN: (IMPOPT-665):	INSTRUCTION[15] : Net has unplaced terms or is connected to uplaced instances in design. 
Type 'man IMPOPT-665' for more detail.
**WARN: (IMPOPT-665):	INSTRUCTION[14] : Net has unplaced terms or is connected to uplaced instances in design. 
Type 'man IMPOPT-665' for more detail.
**WARN: (IMPOPT-665):	INSTRUCTION[13] : Net has unplaced terms or is connected to uplaced instances in design. 
Type 'man IMPOPT-665' for more detail.
**WARN: (IMPOPT-665):	INSTRUCTION[12] : Net has unplaced terms or is connected to uplaced instances in design. 
Type 'man IMPOPT-665' for more detail.
**WARN: (EMS-27):	Message (IMPOPT-665) has exceeded the current message display limit of 20.
To increase the message display limit, refer to the product command reference manual.
**optDesign ... cpu = 0:00:00, real = 0:00:00, mem = 693.9M, totSessionCpu=0:02:34 **
**ERROR: (IMPOPT-6029):	Timing Library is not loaded yetInfo: Destroy the CCOpt slew target map.
<CMD> getFillerMode -quiet
<CMD> addFiller -cell FILLCELL_X8 FILLCELL_X4 FILLCELL_X32 FILLCELL_X2 FILLCELL_X16 FILLCELL_X1 -prefix FILLER
*INFO: Adding fillers to top-module.
*INFO:   Added 57 filler insts (cell FILLCELL_X32 / prefix FILLER).
*INFO:   Added 138 filler insts (cell FILLCELL_X16 / prefix FILLER).
*INFO:   Added 2145 filler insts (cell FILLCELL_X8 / prefix FILLER).
*INFO:   Added 7342 filler insts (cell FILLCELL_X4 / prefix FILLER).
*INFO:   Added 20192 filler insts (cell FILLCELL_X1 / prefix FILLER).
*INFO:   Added 0 filler inst  (cell FILLCELL_X2 / prefix FILLER).
*INFO: Total 29874 filler insts added - prefix FILLER (CPU: 0:00:01.7).
For 29874 new insts, *** Applied 2 GNC rules (cpu = 0:00:00.0)
**WARN: (IMPTCM-77):	Option "-drouteStartIteration" for command getNanoRouteMode is obsolete and will be removed in a future release. The obsolete option still works in this release but to avoid this warning and to ensure compatibility with future releases, remove the obsolete option from your script.
<CMD> setNanoRouteMode -quiet -timingEngine {}
<CMD> setNanoRouteMode -quiet -routeWithSiPostRouteFix 0
**WARN: (IMPTCM-77):	Option "-drouteStartIteration" for command getNanoRouteMode is obsolete and will be removed in a future release. The obsolete option still works in this release but to avoid this warning and to ensure compatibility with future releases, remove the obsolete option from your script.
<CMD> setNanoRouteMode -quiet -drouteStartIteration default
**WARN: (IMPTCM-77):	Option "-drouteStartIteration" for command setNanoRouteMode is obsolete and will be removed in a future release. The obsolete option still works in this release but to avoid this warning and to ensure compatibility with future releases, remove the obsolete option from your script.
<CMD> setNanoRouteMode -quiet -routeTopRoutingLayer default
<CMD> setNanoRouteMode -quiet -routeBottomRoutingLayer default
<CMD> setNanoRouteMode -quiet -drouteEndIteration default
**WARN: (IMPTCM-77):	Option "-routeEcoOnlyInLayers" for command getNanoRouteMode is obsolete and will be removed in a future release. The obsolete option still works in this release but to avoid this warning and to ensure compatibility with future releases, remove the obsolete option from your script.
<CMD> setNanoRouteMode -quiet -routeWithTimingDriven false
<CMD> setNanoRouteMode -quiet -routeWithSiDriven false
Running Native NanoRoute ...
<CMD> routeDesign -globalDetail
#routeDesign: cpu time = 00:00:00, elapsed time = 00:00:00, memory = 731.91 (MB), peak = 731.91 (MB)
#WARNING (NRIG-96) Selected single pass global detail route "-globalDetail". Clock eco and post optimizations will not be run. See "man NRIG-96" for more details.
#**INFO: setDesignMode -flowEffort standard
#**INFO: mulit-cut via swapping is disabled by user.
#**INFO: All auto set options tuned by routeDesign will be restored to their original settings on command completion.
#**INFO: auto set of routeReserveSpaceForMultiCut to true
#**INFO: auto set of routeConcurrentMinimizeViaCountEffort to high
Begin checking placement ... (start mem=829.7M, init mem=829.7M)
*info: Placed = 45198         
*info: Unplaced = 0           
Placement Density:100.00%(47027/47027)
Placement Density (including fixed std cells):100.00%(47027/47027)
Finished checkPlace (cpu: total=0:00:00.4, vio checks=0:00:00.3; mem=829.7M)
#**INFO: honoring user setting for routeWithTimingDriven set to false
#**INFO: honoring user setting for routeWithSiDriven set to false
**WARN: (IMPCK-8086):	The command changeUseClockNetStatus is obsolete and will be removed in the next release. This command still works in this release, but by the next release you must transition to the CCOpt-based CTS flow.

changeUseClockNetStatus Option :  -noFixedNetWires 
*** Changed status on (0) nets in Clock.
*** End changeUseClockNetStatus (cpu=0:00:00.0, real=0:00:00.0, mem=829.7M) ***

globalDetailRoute

#setNanoRouteMode -routeConcurrentMinimizeViaCountEffort "high"
#setNanoRouteMode -routeReserveSpaceForMultiCut true
#setNanoRouteMode -routeWithSiDriven false
#setNanoRouteMode -routeWithTimingDriven false
#Start globalDetailRoute on Sat Feb 13 22:59:37 2021
#
#WARNING (NRIG-39) NanoRoute cannot route to pin PIN/INSTRUCTION[31] of net INSTRUCTION[31] because it might be a logical pin and does not have physical shapes. To fix the problem, check the pin connection in the netlist and ensure the pin shapes exist in the floorplan.
#WARNING (NRIG-39) NanoRoute cannot route to pin PIN/INSTRUCTION[30] of net INSTRUCTION[30] because it might be a logical pin and does not have physical shapes. To fix the problem, check the pin connection in the netlist and ensure the pin shapes exist in the floorplan.
#WARNING (NRIG-39) NanoRoute cannot route to pin PIN/INSTRUCTION[29] of net INSTRUCTION[29] because it might be a logical pin and does not have physical shapes. To fix the problem, check the pin connection in the netlist and ensure the pin shapes exist in the floorplan.
#WARNING (NRIG-39) NanoRoute cannot route to pin PIN/INSTRUCTION[28] of net INSTRUCTION[28] because it might be a logical pin and does not have physical shapes. To fix the problem, check the pin connection in the netlist and ensure the pin shapes exist in the floorplan.
#WARNING (NRIG-39) NanoRoute cannot route to pin PIN/INSTRUCTION[27] of net INSTRUCTION[27] because it might be a logical pin and does not have physical shapes. To fix the problem, check the pin connection in the netlist and ensure the pin shapes exist in the floorplan.
#WARNING (NRIG-39) NanoRoute cannot route to pin PIN/INSTRUCTION[26] of net INSTRUCTION[26] because it might be a logical pin and does not have physical shapes. To fix the problem, check the pin connection in the netlist and ensure the pin shapes exist in the floorplan.
#WARNING (NRIG-39) NanoRoute cannot route to pin PIN/INSTRUCTION[25] of net INSTRUCTION[25] because it might be a logical pin and does not have physical shapes. To fix the problem, check the pin connection in the netlist and ensure the pin shapes exist in the floorplan.
#WARNING (NRIG-39) NanoRoute cannot route to pin PIN/INSTRUCTION[24] of net INSTRUCTION[24] because it might be a logical pin and does not have physical shapes. To fix the problem, check the pin connection in the netlist and ensure the pin shapes exist in the floorplan.
#WARNING (NRIG-39) NanoRoute cannot route to pin PIN/INSTRUCTION[23] of net INSTRUCTION[23] because it might be a logical pin and does not have physical shapes. To fix the problem, check the pin connection in the netlist and ensure the pin shapes exist in the floorplan.
#WARNING (NRIG-39) NanoRoute cannot route to pin PIN/INSTRUCTION[22] of net INSTRUCTION[22] because it might be a logical pin and does not have physical shapes. To fix the problem, check the pin connection in the netlist and ensure the pin shapes exist in the floorplan.
#WARNING (NRIG-39) NanoRoute cannot route to pin PIN/INSTRUCTION[21] of net INSTRUCTION[21] because it might be a logical pin and does not have physical shapes. To fix the problem, check the pin connection in the netlist and ensure the pin shapes exist in the floorplan.
#WARNING (NRIG-39) NanoRoute cannot route to pin PIN/INSTRUCTION[20] of net INSTRUCTION[20] because it might be a logical pin and does not have physical shapes. To fix the problem, check the pin connection in the netlist and ensure the pin shapes exist in the floorplan.
#WARNING (NRIG-39) NanoRoute cannot route to pin PIN/INSTRUCTION[19] of net INSTRUCTION[19] because it might be a logical pin and does not have physical shapes. To fix the problem, check the pin connection in the netlist and ensure the pin shapes exist in the floorplan.
#WARNING (NRIG-39) NanoRoute cannot route to pin PIN/INSTRUCTION[18] of net INSTRUCTION[18] because it might be a logical pin and does not have physical shapes. To fix the problem, check the pin connection in the netlist and ensure the pin shapes exist in the floorplan.
#WARNING (NRIG-39) NanoRoute cannot route to pin PIN/INSTRUCTION[17] of net INSTRUCTION[17] because it might be a logical pin and does not have physical shapes. To fix the problem, check the pin connection in the netlist and ensure the pin shapes exist in the floorplan.
#WARNING (NRIG-39) NanoRoute cannot route to pin PIN/INSTRUCTION[16] of net INSTRUCTION[16] because it might be a logical pin and does not have physical shapes. To fix the problem, check the pin connection in the netlist and ensure the pin shapes exist in the floorplan.
#WARNING (NRIG-39) NanoRoute cannot route to pin PIN/INSTRUCTION[15] of net INSTRUCTION[15] because it might be a logical pin and does not have physical shapes. To fix the problem, check the pin connection in the netlist and ensure the pin shapes exist in the floorplan.
#WARNING (NRIG-39) NanoRoute cannot route to pin PIN/INSTRUCTION[14] of net INSTRUCTION[14] because it might be a logical pin and does not have physical shapes. To fix the problem, check the pin connection in the netlist and ensure the pin shapes exist in the floorplan.
#WARNING (NRIG-39) NanoRoute cannot route to pin PIN/INSTRUCTION[13] of net INSTRUCTION[13] because it might be a logical pin and does not have physical shapes. To fix the problem, check the pin connection in the netlist and ensure the pin shapes exist in the floorplan.
#WARNING (NRIG-39) NanoRoute cannot route to pin PIN/INSTRUCTION[12] of net INSTRUCTION[12] because it might be a logical pin and does not have physical shapes. To fix the problem, check the pin connection in the netlist and ensure the pin shapes exist in the floorplan.
#WARNING (EMS-27) Message (NRIG-39) has exceeded the current message display limit of 20.
#To increase the message display limit, refer to the product command reference manual.
#NanoRoute Version 17.11-s080_1 NR170721-2155/17_11-UB
#Start routing data preparation on Sat Feb 13 22:59:39 2021
#
#WARNING (NRDB-2077) The below via enclosure for LAYER metal1 is not specified for width 0.0700.
#WARNING (NRDB-2078) The above via enclosure for LAYER metal2 is not specified for width 0.0700.
#WARNING (NRDB-2077) The below via enclosure for LAYER metal1 is not specified for width 0.0700.
#WARNING (NRDB-2078) The above via enclosure for LAYER metal2 is not specified for width 0.0700.
#WARNING (NRDB-2077) The below via enclosure for LAYER metal2 is not specified for width 0.0700.
#WARNING (NRDB-2078) The above via enclosure for LAYER metal3 is not specified for width 0.0700.
#WARNING (NRDB-2077) The below via enclosure for LAYER metal2 is not specified for width 0.0700.
#WARNING (NRDB-2078) The above via enclosure for LAYER metal3 is not specified for width 0.0700.
#WARNING (NRDB-2077) The below via enclosure for LAYER metal3 is not specified for width 0.0700.
#WARNING (NRDB-2078) The above via enclosure for LAYER metal4 is not specified for width 0.1400.
#WARNING (NRDB-2077) The below via enclosure for LAYER metal3 is not specified for width 0.0700.
#WARNING (NRDB-2078) The above via enclosure for LAYER metal4 is not specified for width 0.1400.
#WARNING (NRDB-2077) The below via enclosure for LAYER metal4 is not specified for width 0.1400.
#WARNING (NRDB-2078) The above via enclosure for LAYER metal5 is not specified for width 0.1400.
#WARNING (NRDB-2077) The below via enclosure for LAYER metal4 is not specified for width 0.1400.
#WARNING (NRDB-2078) The above via enclosure for LAYER metal5 is not specified for width 0.1400.
#WARNING (NRDB-2077) The below via enclosure for LAYER metal5 is not specified for width 0.1400.
#WARNING (NRDB-2078) The above via enclosure for LAYER metal6 is not specified for width 0.1400.
#WARNING (NRDB-2077) The below via enclosure for LAYER metal5 is not specified for width 0.1400.
#WARNING (NRDB-2078) The above via enclosure for LAYER metal6 is not specified for width 0.1400.
#WARNING (NRDB-2077) The below via enclosure for LAYER metal6 is not specified for width 0.1400.
#WARNING (NRDB-2078) The above via enclosure for LAYER metal7 is not specified for width 0.4000.
#WARNING (NRDB-2077) The below via enclosure for LAYER metal6 is not specified for width 0.1400.
#WARNING (NRDB-2078) The above via enclosure for LAYER metal7 is not specified for width 0.4000.
#WARNING (NRDB-2077) The below via enclosure for LAYER metal7 is not specified for width 0.4000.
#WARNING (NRDB-2078) The above via enclosure for LAYER metal8 is not specified for width 0.4000.
#WARNING (NRDB-2077) The below via enclosure for LAYER metal7 is not specified for width 0.4000.
#WARNING (NRDB-2078) The above via enclosure for LAYER metal8 is not specified for width 0.4000.
#WARNING (NRDB-2077) The below via enclosure for LAYER metal8 is not specified for width 0.4000.
#WARNING (NRDB-2078) The above via enclosure for LAYER metal9 is not specified for width 0.8000.
#WARNING (NRDB-2077) The below via enclosure for LAYER metal8 is not specified for width 0.4000.
#WARNING (NRDB-2078) The above via enclosure for LAYER metal9 is not specified for width 0.8000.
#WARNING (NRDB-2077) The below via enclosure for LAYER metal9 is not specified for width 0.8000.
#WARNING (NRDB-2078) The above via enclosure for LAYER metal10 is not specified for width 0.8000.
#WARNING (NRDB-2077) The below via enclosure for LAYER metal9 is not specified for width 0.8000.
#WARNING (NRDB-2078) The above via enclosure for LAYER metal10 is not specified for width 0.8000.
# metal1       H   Track-Pitch = 0.1400    Line-2-Via Pitch = 0.1350
# metal2       V   Track-Pitch = 0.1900    Line-2-Via Pitch = 0.1400
# metal3       H   Track-Pitch = 0.1400    Line-2-Via Pitch = 0.1400
# metal4       V   Track-Pitch = 0.2800    Line-2-Via Pitch = 0.2800
# metal5       H   Track-Pitch = 0.2800    Line-2-Via Pitch = 0.2800
# metal6       V   Track-Pitch = 0.2800    Line-2-Via Pitch = 0.2800
# metal7       H   Track-Pitch = 0.8400    Line-2-Via Pitch = 0.8000
# metal8       V   Track-Pitch = 0.8400    Line-2-Via Pitch = 0.8000
# metal9       H   Track-Pitch = 1.6000    Line-2-Via Pitch = 1.6000
# metal10      V   Track-Pitch = 1.6800    Line-2-Via Pitch = 1.6000
#Regenerating Ggrids automatically.
#Auto generating G-grids with size=15 tracks, using layer metal3's pitch = 0.1400.
#Using automatically generated G-grids.
#Done routing data preparation.
#cpu time = 00:00:01, elapsed time = 00:00:02, memory = 772.01 (MB), peak = 804.03 (MB)
#Merging special wires...
#
#Finished routing data preparation on Sat Feb 13 22:59:41 2021
#
#Cpu time = 00:00:01
#Elapsed time = 00:00:02
#Increased memory = 10.37 (MB)
#Total memory = 772.44 (MB)
#Peak memory = 804.03 (MB)
#
#
#Start global routing on Sat Feb 13 22:59:41 2021
#
#Number of eco nets is 0
#
#Start global routing data preparation on Sat Feb 13 22:59:41 2021
#
#Start routing resource analysis on Sat Feb 13 22:59:41 2021
#
#Routing resource analysis is done on Sat Feb 13 22:59:42 2021
#
#  Resource Analysis:
#
#               Routing  #Avail      #Track     #Total     %Gcell
#  Layer      Direction   Track     Blocked      Gcell    Blocked
#  --------------------------------------------------------------
#  metal1         H        1584          28       11663    80.48%
#  metal2         V        1164          38       11663     1.82%
#  metal3         H        1612           0       11663     0.00%
#  metal4         V         815           0       11663     0.00%
#  metal5         H         805           0       11663     0.00%
#  metal6         V         815           0       11663     0.00%
#  metal7         H         268           0       11663     0.00%
#  metal8         V         271           0       11663     0.00%
#  metal9         H         108           0       11663     0.00%
#  metal10        V         109           0       11663     0.00%
#  --------------------------------------------------------------
#  Total                   7551       0.49%      116630     8.23%
#
#
#
#
#Global routing data preparation is done on Sat Feb 13 22:59:42 2021
#
#cpu time = 00:00:00, elapsed time = 00:00:01, memory = 774.01 (MB), peak = 804.03 (MB)
#
#cpu time = 00:00:00, elapsed time = 00:00:01, memory = 774.37 (MB), peak = 804.03 (MB)
#
#start global routing iteration 1...
#cpu time = 00:00:01, elapsed time = 00:00:02, memory = 783.09 (MB), peak = 804.03 (MB)
#
#start global routing iteration 2...
#cpu time = 00:00:16, elapsed time = 00:00:30, memory = 840.87 (MB), peak = 840.90 (MB)
#
#start global routing iteration 3...
#cpu time = 00:00:07, elapsed time = 00:00:14, memory = 850.70 (MB), peak = 850.70 (MB)
#
#
#Total number of trivial nets (e.g. < 2 pins) = 195 (skipped).
#Total number of routable nets = 15275.
#Total number of nets in the design = 15470.
#
#15275 routable nets have only global wires.
#
#Routed nets constraints summary:
#-----------------------------
#        Rules   Unconstrained  
#-----------------------------
#      Default           15275  
#-----------------------------
#        Total           15275  
#-----------------------------
#
#Routing constraints summary of the whole design:
#-----------------------------
#        Rules   Unconstrained  
#-----------------------------
#      Default           15275  
#-----------------------------
#        Total           15275  
#-----------------------------
#
#
#  Congestion Analysis: (blocked Gcells are excluded)
#
#                 OverCon       OverCon          
#                  #Gcell        #Gcell    %Gcell
#     Layer           (1)           (2)   OverCon
#  ----------------------------------------------
#  metal1        0(0.00%)      0(0.00%)   (0.00%)
#  metal2       10(0.09%)      3(0.03%)   (0.11%)
#  metal3        0(0.00%)      0(0.00%)   (0.00%)
#  metal4        0(0.00%)      0(0.00%)   (0.00%)
#  metal5        0(0.00%)      0(0.00%)   (0.00%)
#  metal6        0(0.00%)      0(0.00%)   (0.00%)
#  metal7        0(0.00%)      0(0.00%)   (0.00%)
#  metal8        0(0.00%)      0(0.00%)   (0.00%)
#  metal9        0(0.00%)      0(0.00%)   (0.00%)
#  metal10       0(0.00%)      0(0.00%)   (0.00%)
#  ----------------------------------------------
#     Total     10(0.01%)      3(0.00%)   (0.01%)
#
#  The worst congested Gcell overcon (routing demand over resource in number of tracks) = 2
#  Overflow after GR: 0.00% H + 0.02% V
#
[hotspot] +------------+---------------+---------------+
[hotspot] |            |   max hotspot | total hotspot |
[hotspot] +------------+---------------+---------------+
[hotspot] | normalized |          0.00 |          0.00 |
[hotspot] +------------+---------------+---------------+
Local HotSpot Analysis: normalized max congestion hotspot area = 0.00, normalized total congestion hotspot area = 0.00 (area is in unit of 4 std-cell row bins)
#Complete Global Routing.
#Total wire length = 276874 um.
#Total half perimeter of net bounding box = 244064 um.
#Total wire length on LAYER metal1 = 55 um.
#Total wire length on LAYER metal2 = 63844 um.
#Total wire length on LAYER metal3 = 99288 um.
#Total wire length on LAYER metal4 = 53128 um.
#Total wire length on LAYER metal5 = 32162 um.
#Total wire length on LAYER metal6 = 24116 um.
#Total wire length on LAYER metal7 = 3662 um.
#Total wire length on LAYER metal8 = 529 um.
#Total wire length on LAYER metal9 = 90 um.
#Total wire length on LAYER metal10 = 0 um.
#Total number of vias = 101028
#Up-Via Summary (total 101028):
#           
#-----------------------
# metal1          53312
# metal2          35944
# metal3           7686
# metal4           2495
# metal5           1354
# metal6            203
# metal7             30
# metal8              4
#-----------------------
#                101028 
#
#Max overcon = 2 tracks.
#Total overcon = 0.01%.
#Worst layer Gcell overcon rate = 0.00%.
#
#Global routing statistics:
#Cpu time = 00:00:25
#Elapsed time = 00:00:48
#Increased memory = 78.72 (MB)
#Total memory = 851.20 (MB)
#Peak memory = 851.23 (MB)
#
#Finished global routing on Sat Feb 13 23:00:29 2021
#
#
#cpu time = 00:00:00, elapsed time = 00:00:00, memory = 802.85 (MB), peak = 851.23 (MB)
#Start Track Assignment.
#Done with 26495 horizontal wires in 1 hboxes and 27985 vertical wires in 1 hboxes.
#Done with 6062 horizontal wires in 1 hboxes and 6731 vertical wires in 1 hboxes.
#Done with 1 horizontal wires in 1 hboxes and 1 vertical wires in 1 hboxes.
#
#Track assignment summary:
# layer   (wire length)   (overlap)     (long ovlp)	(with obs/pg/clk)  
#------------------------------------------------------------------------
# metal1        54.10 	  0.00%  	  0.00% 	  0.00%
# metal2     63152.67 	  0.10%  	  0.00% 	  0.00%
# metal3     97910.63 	  0.07%  	  0.00% 	  0.00%
# metal4     53496.66 	  0.01%  	  0.00% 	  0.00%
# metal5     32455.55 	  0.02%  	  0.00% 	  0.00%
# metal6     24200.68 	  0.00%  	  0.00% 	  0.00%
# metal7      3714.78 	  0.00%  	  0.00% 	  0.00%
# metal8       530.20 	  0.00%  	  0.00% 	  0.00%
# metal9        91.43 	  0.00%  	  0.00% 	  0.00%
# metal10        0.00 	  0.00%  	  0.00% 	  0.00%
#------------------------------------------------------------------------
# All      275606.71  	  0.05% 	  0.00% 	  0.00%
#Complete Track Assignment.
#Total wire length = 290049 um.
#Total half perimeter of net bounding box = 244064 um.
#Total wire length on LAYER metal1 = 9466 um.
#Total wire length on LAYER metal2 = 63314 um.
#Total wire length on LAYER metal3 = 102412 um.
#Total wire length on LAYER metal4 = 53764 um.
#Total wire length on LAYER metal5 = 32522 um.
#Total wire length on LAYER metal6 = 24243 um.
#Total wire length on LAYER metal7 = 3708 um.
#Total wire length on LAYER metal8 = 531 um.
#Total wire length on LAYER metal9 = 90 um.
#Total wire length on LAYER metal10 = 0 um.
#Total number of vias = 101028
#Up-Via Summary (total 101028):
#           
#-----------------------
# metal1          53312
# metal2          35944
# metal3           7686
# metal4           2495
# metal5           1354
# metal6            203
# metal7             30
# metal8              4
#-----------------------
#                101028 
#
#cpu time = 00:00:09, elapsed time = 00:00:17, memory = 822.98 (MB), peak = 851.23 (MB)
#
#Routing data preparation, pin analysis, global routing and track assignment statistics:
#Cpu time = 00:00:35
#Elapsed time = 00:01:07
#Increased memory = 61.17 (MB)
#Total memory = 823.22 (MB)
#Peak memory = 851.23 (MB)
#
#Start Detail Routing..
#start initial detail routing ...
#   number of violations = 2
#
#    By Layer and Type :
#	          Short   Totals
#	metal1        0        0
#	metal2        2        2
#	Totals        2        2
#cpu time = 00:01:54, elapsed time = 00:03:40, memory = 836.16 (MB), peak = 851.23 (MB)
#start 1st optimization iteration ...
#   number of violations = 0
#cpu time = 00:00:00, elapsed time = 00:00:00, memory = 836.99 (MB), peak = 851.23 (MB)
#Complete Detail Routing.
#Total wire length = 288507 um.
#Total half perimeter of net bounding box = 244064 um.
#Total wire length on LAYER metal1 = 9882 um.
#Total wire length on LAYER metal2 = 76240 um.
#Total wire length on LAYER metal3 = 91311 um.
#Total wire length on LAYER metal4 = 50413 um.
#Total wire length on LAYER metal5 = 32655 um.
#Total wire length on LAYER metal6 = 24020 um.
#Total wire length on LAYER metal7 = 3309 um.
#Total wire length on LAYER metal8 = 576 um.
#Total wire length on LAYER metal9 = 102 um.
#Total wire length on LAYER metal10 = 0 um.
#Total number of vias = 104549
#Up-Via Summary (total 104549):
#           
#-----------------------
# metal1          55678
# metal2          36606
# metal3           8147
# metal4           2517
# metal5           1377
# metal6            190
# metal7             30
# metal8              4
#-----------------------
#                104549 
#
#Total number of DRC violations = 0
#Cpu time = 00:01:54
#Elapsed time = 00:03:42
#Increased memory = -16.20 (MB)
#Total memory = 807.02 (MB)
#Peak memory = 851.23 (MB)
#
#Start Post Route wire spreading..
#
#Start DRC checking..
#   number of violations = 0
#cpu time = 00:00:13, elapsed time = 00:00:24, memory = 836.08 (MB), peak = 851.23 (MB)
#CELL_VIEW RISCV_pipeline,init has no DRC violation.
#Total number of DRC violations = 0
#
#Start data preparation for wire spreading...
#
#Data preparation is done on Sat Feb 13 23:04:53 2021
#
#
#Start Post Route Wire Spread.
#Done with 10628 horizontal wires in 2 hboxes and 8184 vertical wires in 2 hboxes.
#Complete Post Route Wire Spread.
#
#Total wire length = 294402 um.
#Total half perimeter of net bounding box = 244064 um.
#Total wire length on LAYER metal1 = 9882 um.
#Total wire length on LAYER metal2 = 77735 um.
#Total wire length on LAYER metal3 = 93856 um.
#Total wire length on LAYER metal4 = 51548 um.
#Total wire length on LAYER metal5 = 33083 um.
#Total wire length on LAYER metal6 = 24272 um.
#Total wire length on LAYER metal7 = 3342 um.
#Total wire length on LAYER metal8 = 579 um.
#Total wire length on LAYER metal9 = 105 um.
#Total wire length on LAYER metal10 = 0 um.
#Total number of vias = 104549
#Up-Via Summary (total 104549):
#           
#-----------------------
# metal1          55678
# metal2          36606
# metal3           8147
# metal4           2517
# metal5           1377
# metal6            190
# metal7             30
# metal8              4
#-----------------------
#                104549 
#
#
#Start DRC checking..
#   number of violations = 0
#cpu time = 00:00:16, elapsed time = 00:00:30, memory = 830.35 (MB), peak = 851.23 (MB)
#CELL_VIEW RISCV_pipeline,init has no DRC violation.
#Total number of DRC violations = 0
#   number of violations = 0
#cpu time = 00:00:20, elapsed time = 00:00:39, memory = 807.25 (MB), peak = 851.23 (MB)
#CELL_VIEW RISCV_pipeline,init has no DRC violation.
#Total number of DRC violations = 0
#Post Route wire spread is done.
#Total wire length = 294402 um.
#Total half perimeter of net bounding box = 244064 um.
#Total wire length on LAYER metal1 = 9882 um.
#Total wire length on LAYER metal2 = 77735 um.
#Total wire length on LAYER metal3 = 93856 um.
#Total wire length on LAYER metal4 = 51548 um.
#Total wire length on LAYER metal5 = 33083 um.
#Total wire length on LAYER metal6 = 24272 um.
#Total wire length on LAYER metal7 = 3342 um.
#Total wire length on LAYER metal8 = 579 um.
#Total wire length on LAYER metal9 = 105 um.
#Total wire length on LAYER metal10 = 0 um.
#Total number of vias = 104549
#Up-Via Summary (total 104549):
#           
#-----------------------
# metal1          55678
# metal2          36606
# metal3           8147
# metal4           2517
# metal5           1377
# metal6            190
# metal7             30
# metal8              4
#-----------------------
#                104549 
#
#detailRoute Statistics:
#Cpu time = 00:02:29
#Elapsed time = 00:04:46
#Increased memory = -18.09 (MB)
#Total memory = 805.13 (MB)
#Peak memory = 851.23 (MB)
#
#globalDetailRoute statistics:
#Cpu time = 00:03:06
#Elapsed time = 00:05:56
#Increased memory = 41.23 (MB)
#Total memory = 773.91 (MB)
#Peak memory = 851.23 (MB)
#Number of warnings = 57
#Total number of warnings = 58
#Number of fails = 0
#Total number of fails = 0
#Complete globalDetailRoute on Sat Feb 13 23:05:34 2021
#
#routeDesign: cpu time = 00:03:06, elapsed time = 00:05:57, memory = 773.95 (MB), peak = 851.23 (MB)

*** Summary of all messages that are not suppressed in this session:
Severity  ID               Count  Summary                                  
WARNING   IMPCK-8086           1  The command %s is obsolete and will be r...
*** Message Summary: 1 warning(s), 0 error(s)

<CMD> setAnalysisMode -analysisType onChipVariation
<CMD> setOptMode -fixCap true -fixTran true -fixFanoutLoad false
<CMD> optDesign -postRoute
**WARN: (IMPOPT-576):	292 nets have unplaced terms. 
Type 'man IMPOPT-576' for more detail.
**INFO: setDesignMode -flowEffort standard -> setting 'setOptMode -allEndPoints true' for the duration of this command.
Disable merging buffers from different footprints for postRoute code for non-MSV designs
Switching SI Aware to true by default in postroute mode   
GigaOpt running with 1 threads.
**WARN: No usable buffer/inverter becasue of dont-use/dont-touch setting.
Updating RC grid for preRoute extraction ...
**DIAG[/icd/cm_t1nb_001/INNOVUS171/Rel/17.11/main/lnx86_64_opt/17.11-s080_1/fe/src/op/opUtil.c:6729:update]: Assert "powerView != toCteGetDefaultAnalysisView()"
Total number of combinational cells: 0
Total number of sequential cells: 0
Total number of tristate cells: 0
Total number of level shifter cells: 0
Total number of power gating cells: 0
Total number of isolation cells: 0
Total number of power switch cells: 0
Total number of pulse generator cells: 0
Total number of always on buffers: 0
Total number of retention cells: 0
List of usable buffers:
Total number of usable buffers: 0
List of unusable buffers:
Total number of unusable buffers: 0
List of usable inverters:
Total number of usable inverters: 0
List of unusable inverters:
Total number of unusable inverters: 0
List of identified usable delay cells:
Total number of identified usable delay cells: 0
List of identified unusable delay cells:
Total number of identified unusable delay cells: 0
No delay cells were detected in the set of buffers. Buffers will be used to fix hold violations.
**DIAG[/icd/cm_t1nb_001/INNOVUS171/Rel/17.11/main/lnx86_64_opt/17.11-s080_1/fe/src/op/opUtil.c:6740:update]: Assert "powerViewTlc"
**DIAG[/icd/cm_t1nb_001/INNOVUS171/Rel/17.11/main/lnx86_64_opt/17.11-s080_1/fe/src/op/opUtil.c:6729:update]: Assert "powerView != toCteGetDefaultAnalysisView()"
**DIAG[/icd/cm_t1nb_001/INNOVUS171/Rel/17.11/main/lnx86_64_opt/17.11-s080_1/fe/src/op/opUtil.c:6740:update]: Assert "powerViewTlc"
** ERROR ** Cannot find corner default_rc_corner in layerResPerDBUForCorner table.
** ERROR ** Cannot find corner default_rc_corner in layerCapPerDBUForCorner table.
** ERROR ** Cannot find corner default_rc_corner in layerResPerDBUForCorner table.
** ERROR ** Cannot find corner default_rc_corner in layerCapPerDBUForCorner table.
** ERROR ** Cannot find corner default_rc_corner in layerCapPerDBUForCorner table.
** ERROR ** Cannot find corner default_rc_corner in layerCapPerDBUForCorner table.
** ERROR ** Cannot find corner default_rc_corner in layerCapPerDBUForCorner table.
** ERROR ** Cannot find corner default_rc_corner in layerCapPerDBUForCorner table.
** ERROR ** Cannot find corner default_rc_corner in layerCapPerDBUForCorner table.
** ERROR ** Cannot find corner default_rc_corner in layerCapPerDBUForCorner table.
** ERROR ** Cannot find corner default_rc_corner in layerCapPerDBUForCorner table.
** ERROR ** Cannot find corner default_rc_corner in layerCapPerDBUForCorner table.
** ERROR ** Cannot find corner default_rc_corner in layerCapPerDBUForCorner table.
** ERROR ** Cannot find corner default_rc_corner in layerCapPerDBUForCorner table.
** ERROR ** Cannot find corner default_rc_corner in layerCapPerDBUForCorner table.
** ERROR ** Cannot find corner default_rc_corner in layerCapPerDBUForCorner table.
** ERROR ** Cannot find corner default_rc_corner in layerCapPerDBUForCorner table.
** ERROR ** Cannot find corner default_rc_corner in layerCapPerDBUForCorner table.
** ERROR ** Cannot find corner default_rc_corner in layerCapPerDBUForCorner table.
** ERROR ** Cannot find corner default_rc_corner in layerCapPerDBUForCorner table.
** ERROR ** Cannot find corner default_rc_corner in layerCapPerDBUForCorner table.
** ERROR ** Cannot find corner default_rc_corner in layerCapPerDBUForCorner table.
** ERROR ** Cannot find corner default_rc_corner in layerCapPerDBUForCorner table.
** ERROR ** Cannot find corner default_rc_corner in layerCapPerDBUForCorner table.
**WARN: (IMPOPT-3000):	Buffer footprint is not defined or is an invalid buffer footprint.
Type 'man IMPOPT-3000' for more detail.
**WARN: (IMPOPT-3001):	Inverter footprint is not defined or is an invalid inverter footprint.
Type 'man IMPOPT-3001' for more detail.
** ERROR ** Cannot find corner default_rc_corner in layerResPerDBUForCorner table.
** ERROR ** Cannot find corner default_rc_corner in layerCapPerDBUForCorner table.
** ERROR ** Cannot find corner default_rc_corner in layerResPerDBUForCorner table.
** ERROR ** Cannot find corner default_rc_corner in layerCapPerDBUForCorner table.
** ERROR ** Cannot find corner default_rc_corner in layerResPerDBUForCorner table.
** ERROR ** Cannot find corner default_rc_corner in layerCapPerDBUForCorner table.
** ERROR ** Cannot find corner default_rc_corner in layerResPerDBUForCorner table.
** ERROR ** Cannot find corner default_rc_corner in layerCapPerDBUForCorner table.
**DIAG[/icd/cm_t1nb_001/INNOVUS171/Rel/17.11/main/lnx86_64_opt/17.11-s080_1/fe/src/op/opUtil.c:6729:update]: Assert "powerView != toCteGetDefaultAnalysisView()"
**DIAG[/icd/cm_t1nb_001/INNOVUS171/Rel/17.11/main/lnx86_64_opt/17.11-s080_1/fe/src/op/opUtil.c:6740:update]: Assert "powerViewTlc"
**WARN: (IMPOPT-665):	INSTRUCTION[31] : Net has unplaced terms or is connected to uplaced instances in design. 
Type 'man IMPOPT-665' for more detail.
**WARN: (IMPOPT-665):	INSTRUCTION[30] : Net has unplaced terms or is connected to uplaced instances in design. 
Type 'man IMPOPT-665' for more detail.
**WARN: (IMPOPT-665):	INSTRUCTION[29] : Net has unplaced terms or is connected to uplaced instances in design. 
Type 'man IMPOPT-665' for more detail.
**WARN: (IMPOPT-665):	INSTRUCTION[28] : Net has unplaced terms or is connected to uplaced instances in design. 
Type 'man IMPOPT-665' for more detail.
**WARN: (IMPOPT-665):	INSTRUCTION[27] : Net has unplaced terms or is connected to uplaced instances in design. 
Type 'man IMPOPT-665' for more detail.
**WARN: (IMPOPT-665):	INSTRUCTION[26] : Net has unplaced terms or is connected to uplaced instances in design. 
Type 'man IMPOPT-665' for more detail.
**WARN: (IMPOPT-665):	INSTRUCTION[25] : Net has unplaced terms or is connected to uplaced instances in design. 
Type 'man IMPOPT-665' for more detail.
**WARN: (IMPOPT-665):	INSTRUCTION[24] : Net has unplaced terms or is connected to uplaced instances in design. 
Type 'man IMPOPT-665' for more detail.
**WARN: (IMPOPT-665):	INSTRUCTION[23] : Net has unplaced terms or is connected to uplaced instances in design. 
Type 'man IMPOPT-665' for more detail.
**WARN: (IMPOPT-665):	INSTRUCTION[22] : Net has unplaced terms or is connected to uplaced instances in design. 
Type 'man IMPOPT-665' for more detail.
**WARN: (IMPOPT-665):	INSTRUCTION[21] : Net has unplaced terms or is connected to uplaced instances in design. 
Type 'man IMPOPT-665' for more detail.
**WARN: (IMPOPT-665):	INSTRUCTION[20] : Net has unplaced terms or is connected to uplaced instances in design. 
Type 'man IMPOPT-665' for more detail.
**WARN: (IMPOPT-665):	INSTRUCTION[19] : Net has unplaced terms or is connected to uplaced instances in design. 
Type 'man IMPOPT-665' for more detail.
**WARN: (IMPOPT-665):	INSTRUCTION[18] : Net has unplaced terms or is connected to uplaced instances in design. 
Type 'man IMPOPT-665' for more detail.
**WARN: (IMPOPT-665):	INSTRUCTION[17] : Net has unplaced terms or is connected to uplaced instances in design. 
Type 'man IMPOPT-665' for more detail.
**WARN: (IMPOPT-665):	INSTRUCTION[16] : Net has unplaced terms or is connected to uplaced instances in design. 
Type 'man IMPOPT-665' for more detail.
**WARN: (IMPOPT-665):	INSTRUCTION[15] : Net has unplaced terms or is connected to uplaced instances in design. 
Type 'man IMPOPT-665' for more detail.
**WARN: (IMPOPT-665):	INSTRUCTION[14] : Net has unplaced terms or is connected to uplaced instances in design. 
Type 'man IMPOPT-665' for more detail.
**WARN: (IMPOPT-665):	INSTRUCTION[13] : Net has unplaced terms or is connected to uplaced instances in design. 
Type 'man IMPOPT-665' for more detail.
**WARN: (IMPOPT-665):	INSTRUCTION[12] : Net has unplaced terms or is connected to uplaced instances in design. 
Type 'man IMPOPT-665' for more detail.
**WARN: (EMS-27):	Message (IMPOPT-665) has exceeded the current message display limit of 20.
To increase the message display limit, refer to the product command reference manual.
**optDesign ... cpu = 0:00:00, real = 0:00:00, mem = 775.3M, totSessionCpu=0:06:01 **
**ERROR: (IMPOPT-311):	Optimization will not work when the timing analysis mode is set to -ocv.
To run optimization while taking into account on chip variation, set the MMMC environment with the right operating condition.
More information can be found in the documentation.
**ERROR: (IMPOPT-570):	Initial sanity checks failed for optDesign. Correct above errors/warnings before running optDesign.
Info: Destroy the CCOpt slew target map.
<CMD> setOptMode -fixCap true -fixTran true -fixFanoutLoad false
<CMD> optDesign -postRoute
**WARN: (IMPOPT-576):	292 nets have unplaced terms. 
Type 'man IMPOPT-576' for more detail.
**INFO: setDesignMode -flowEffort standard -> setting 'setOptMode -allEndPoints true' for the duration of this command.
Disable merging buffers from different footprints for postRoute code for non-MSV designs
GigaOpt running with 1 threads.
**WARN: No usable buffer/inverter becasue of dont-use/dont-touch setting.
**DIAG[/icd/cm_t1nb_001/INNOVUS171/Rel/17.11/main/lnx86_64_opt/17.11-s080_1/fe/src/op/opUtil.c:6729:update]: Assert "powerView != toCteGetDefaultAnalysisView()"
Total number of combinational cells: 0
Total number of sequential cells: 0
Total number of tristate cells: 0
Total number of level shifter cells: 0
Total number of power gating cells: 0
Total number of isolation cells: 0
Total number of power switch cells: 0
Total number of pulse generator cells: 0
Total number of always on buffers: 0
Total number of retention cells: 0
List of usable buffers:
Total number of usable buffers: 0
List of unusable buffers:
Total number of unusable buffers: 0
List of usable inverters:
Total number of usable inverters: 0
List of unusable inverters:
Total number of unusable inverters: 0
List of identified usable delay cells:
Total number of identified usable delay cells: 0
List of identified unusable delay cells:
Total number of identified unusable delay cells: 0
No delay cells were detected in the set of buffers. Buffers will be used to fix hold violations.
**DIAG[/icd/cm_t1nb_001/INNOVUS171/Rel/17.11/main/lnx86_64_opt/17.11-s080_1/fe/src/op/opUtil.c:6740:update]: Assert "powerViewTlc"
**DIAG[/icd/cm_t1nb_001/INNOVUS171/Rel/17.11/main/lnx86_64_opt/17.11-s080_1/fe/src/op/opUtil.c:6729:update]: Assert "powerView != toCteGetDefaultAnalysisView()"
**DIAG[/icd/cm_t1nb_001/INNOVUS171/Rel/17.11/main/lnx86_64_opt/17.11-s080_1/fe/src/op/opUtil.c:6740:update]: Assert "powerViewTlc"
** ERROR ** Cannot find corner default_rc_corner in layerResPerDBUForCorner table.
** ERROR ** Cannot find corner default_rc_corner in layerCapPerDBUForCorner table.
** ERROR ** Cannot find corner default_rc_corner in layerResPerDBUForCorner table.
** ERROR ** Cannot find corner default_rc_corner in layerCapPerDBUForCorner table.
** ERROR ** Cannot find corner default_rc_corner in layerCapPerDBUForCorner table.
** ERROR ** Cannot find corner default_rc_corner in layerCapPerDBUForCorner table.
** ERROR ** Cannot find corner default_rc_corner in layerCapPerDBUForCorner table.
** ERROR ** Cannot find corner default_rc_corner in layerCapPerDBUForCorner table.
** ERROR ** Cannot find corner default_rc_corner in layerCapPerDBUForCorner table.
** ERROR ** Cannot find corner default_rc_corner in layerCapPerDBUForCorner table.
** ERROR ** Cannot find corner default_rc_corner in layerCapPerDBUForCorner table.
** ERROR ** Cannot find corner default_rc_corner in layerCapPerDBUForCorner table.
** ERROR ** Cannot find corner default_rc_corner in layerCapPerDBUForCorner table.
** ERROR ** Cannot find corner default_rc_corner in layerCapPerDBUForCorner table.
** ERROR ** Cannot find corner default_rc_corner in layerCapPerDBUForCorner table.
** ERROR ** Cannot find corner default_rc_corner in layerCapPerDBUForCorner table.
** ERROR ** Cannot find corner default_rc_corner in layerCapPerDBUForCorner table.
** ERROR ** Cannot find corner default_rc_corner in layerCapPerDBUForCorner table.
** ERROR ** Cannot find corner default_rc_corner in layerCapPerDBUForCorner table.
** ERROR ** Cannot find corner default_rc_corner in layerCapPerDBUForCorner table.
** ERROR ** Cannot find corner default_rc_corner in layerCapPerDBUForCorner table.
** ERROR ** Cannot find corner default_rc_corner in layerCapPerDBUForCorner table.
** ERROR ** Cannot find corner default_rc_corner in layerCapPerDBUForCorner table.
** ERROR ** Cannot find corner default_rc_corner in layerCapPerDBUForCorner table.
**WARN: (IMPOPT-3000):	Buffer footprint is not defined or is an invalid buffer footprint.
Type 'man IMPOPT-3000' for more detail.
**WARN: (IMPOPT-3001):	Inverter footprint is not defined or is an invalid inverter footprint.
Type 'man IMPOPT-3001' for more detail.
** ERROR ** Cannot find corner default_rc_corner in layerResPerDBUForCorner table.
** ERROR ** Cannot find corner default_rc_corner in layerCapPerDBUForCorner table.
** ERROR ** Cannot find corner default_rc_corner in layerResPerDBUForCorner table.
** ERROR ** Cannot find corner default_rc_corner in layerCapPerDBUForCorner table.
** ERROR ** Cannot find corner default_rc_corner in layerResPerDBUForCorner table.
** ERROR ** Cannot find corner default_rc_corner in layerCapPerDBUForCorner table.
** ERROR ** Cannot find corner default_rc_corner in layerResPerDBUForCorner table.
** ERROR ** Cannot find corner default_rc_corner in layerCapPerDBUForCorner table.
**DIAG[/icd/cm_t1nb_001/INNOVUS171/Rel/17.11/main/lnx86_64_opt/17.11-s080_1/fe/src/op/opUtil.c:6729:update]: Assert "powerView != toCteGetDefaultAnalysisView()"
**DIAG[/icd/cm_t1nb_001/INNOVUS171/Rel/17.11/main/lnx86_64_opt/17.11-s080_1/fe/src/op/opUtil.c:6740:update]: Assert "powerViewTlc"
**WARN: (IMPOPT-665):	INSTRUCTION[31] : Net has unplaced terms or is connected to uplaced instances in design. 
Type 'man IMPOPT-665' for more detail.
**WARN: (IMPOPT-665):	INSTRUCTION[30] : Net has unplaced terms or is connected to uplaced instances in design. 
Type 'man IMPOPT-665' for more detail.
**WARN: (IMPOPT-665):	INSTRUCTION[29] : Net has unplaced terms or is connected to uplaced instances in design. 
Type 'man IMPOPT-665' for more detail.
**WARN: (IMPOPT-665):	INSTRUCTION[28] : Net has unplaced terms or is connected to uplaced instances in design. 
Type 'man IMPOPT-665' for more detail.
**WARN: (IMPOPT-665):	INSTRUCTION[27] : Net has unplaced terms or is connected to uplaced instances in design. 
Type 'man IMPOPT-665' for more detail.
**WARN: (IMPOPT-665):	INSTRUCTION[26] : Net has unplaced terms or is connected to uplaced instances in design. 
Type 'man IMPOPT-665' for more detail.
**WARN: (IMPOPT-665):	INSTRUCTION[25] : Net has unplaced terms or is connected to uplaced instances in design. 
Type 'man IMPOPT-665' for more detail.
**WARN: (IMPOPT-665):	INSTRUCTION[24] : Net has unplaced terms or is connected to uplaced instances in design. 
Type 'man IMPOPT-665' for more detail.
**WARN: (IMPOPT-665):	INSTRUCTION[23] : Net has unplaced terms or is connected to uplaced instances in design. 
Type 'man IMPOPT-665' for more detail.
**WARN: (IMPOPT-665):	INSTRUCTION[22] : Net has unplaced terms or is connected to uplaced instances in design. 
Type 'man IMPOPT-665' for more detail.
**WARN: (IMPOPT-665):	INSTRUCTION[21] : Net has unplaced terms or is connected to uplaced instances in design. 
Type 'man IMPOPT-665' for more detail.
**WARN: (IMPOPT-665):	INSTRUCTION[20] : Net has unplaced terms or is connected to uplaced instances in design. 
Type 'man IMPOPT-665' for more detail.
**WARN: (IMPOPT-665):	INSTRUCTION[19] : Net has unplaced terms or is connected to uplaced instances in design. 
Type 'man IMPOPT-665' for more detail.
**WARN: (IMPOPT-665):	INSTRUCTION[18] : Net has unplaced terms or is connected to uplaced instances in design. 
Type 'man IMPOPT-665' for more detail.
**WARN: (IMPOPT-665):	INSTRUCTION[17] : Net has unplaced terms or is connected to uplaced instances in design. 
Type 'man IMPOPT-665' for more detail.
**WARN: (IMPOPT-665):	INSTRUCTION[16] : Net has unplaced terms or is connected to uplaced instances in design. 
Type 'man IMPOPT-665' for more detail.
**WARN: (IMPOPT-665):	INSTRUCTION[15] : Net has unplaced terms or is connected to uplaced instances in design. 
Type 'man IMPOPT-665' for more detail.
**WARN: (IMPOPT-665):	INSTRUCTION[14] : Net has unplaced terms or is connected to uplaced instances in design. 
Type 'man IMPOPT-665' for more detail.
**WARN: (IMPOPT-665):	INSTRUCTION[13] : Net has unplaced terms or is connected to uplaced instances in design. 
Type 'man IMPOPT-665' for more detail.
**WARN: (IMPOPT-665):	INSTRUCTION[12] : Net has unplaced terms or is connected to uplaced instances in design. 
Type 'man IMPOPT-665' for more detail.
**WARN: (EMS-27):	Message (IMPOPT-665) has exceeded the current message display limit of 20.
To increase the message display limit, refer to the product command reference manual.
**optDesign ... cpu = 0:00:00, real = 0:00:00, mem = 775.3M, totSessionCpu=0:06:03 **
**ERROR: (IMPOPT-311):	Optimization will not work when the timing analysis mode is set to -ocv.
To run optimization while taking into account on chip variation, set the MMMC environment with the right operating condition.
More information can be found in the documentation.
**ERROR: (IMPOPT-570):	Initial sanity checks failed for optDesign. Correct above errors/warnings before running optDesign.
Info: Destroy the CCOpt slew target map.
<CMD> saveDesign RISCV_pipeline.enc
#% Begin save design ... (date=02/13 23:10:45, mem=775.9M)
% Begin Save netlist data ... (date=02/13 23:10:45, mem=776.6M)
Writing Binary DB to RISCV_pipeline.enc.dat/RISCV_pipeline.v.bin in single-threaded mode...
% End Save netlist data ... (date=02/13 23:10:46, total cpu=0:00:00.1, real=0:00:01.0, peak res=778.5M, current mem=778.5M)
% Begin Save AAE data ... (date=02/13 23:10:46, mem=778.5M)
Saving AAE Data ...
% End Save AAE data ... (date=02/13 23:10:46, total cpu=0:00:00.0, real=0:00:00.0, peak res=778.5M, current mem=778.5M)
% Begin Save clock tree data ... (date=02/13 23:10:46, mem=778.6M)
% End Save clock tree data ... (date=02/13 23:10:46, total cpu=0:00:00.0, real=0:00:00.0, peak res=778.6M, current mem=778.6M)
Saving preference file RISCV_pipeline.enc.dat/gui.pref.tcl ...
Saving mode setting ...
Saving global file ...
% Begin Save floorplan data ... (date=02/13 23:10:46, mem=779.9M)
Saving floorplan file ...
% End Save floorplan data ... (date=02/13 23:10:47, total cpu=0:00:00.2, real=0:00:01.0, peak res=779.9M, current mem=779.9M)
Saving Drc markers ...
... No Drc file written since there is no markers found.
% Begin Save placement data ... (date=02/13 23:10:47, mem=779.9M)
** Saving stdCellPlacement_binary (version# 1) ...
% End Save placement data ... (date=02/13 23:10:47, total cpu=0:00:00.1, real=0:00:00.0, peak res=780.8M, current mem=780.8M)
% Begin Save routing data ... (date=02/13 23:10:47, mem=780.8M)
Saving route file ...
*** Completed saveRoute (cpu=0:00:00.5 real=0:00:02.0 mem=958.6M) ***
% End Save routing data ... (date=02/13 23:10:49, total cpu=0:00:00.6, real=0:00:02.0, peak res=781.7M, current mem=781.7M)
Saving property file RISCV_pipeline.enc.dat/RISCV_pipeline.prop
*** Completed saveProperty (cpu=0:00:00.1 real=0:00:00.0 mem=958.6M) ***
#Saving pin access info...
#
% Begin Save power constraints data ... (date=02/13 23:10:50, mem=782.2M)
% End Save power constraints data ... (date=02/13 23:10:50, total cpu=0:00:00.0, real=0:00:00.0, peak res=782.2M, current mem=782.2M)
Generated self-contained design RISCV_pipeline.enc.dat
#% End save design ... (date=02/13 23:10:50, total cpu=0:00:01.6, real=0:00:05.0, peak res=782.2M, current mem=775.7M)
*** Message Summary: 0 warning(s), 0 error(s)

Starting snapshot creation...
<CMD> getDrawView
<CMD> setDrawView fplan
<CMD> win
<CMD> dumpToGIF Snapshots/ss_RISCV_pipeline-post_route.fplan.gif
<CMD> getDrawView
<CMD> setDrawView amoeba
<CMD> win
<CMD> dumpToGIF Snapshots/ss_RISCV_pipeline-post_route.amoeba.gif
<CMD> getDrawView
<CMD> setDrawView place
<CMD> win
<CMD> dumpToGIF Snapshots/ss_RISCV_pipeline-post_route.place.gif
Completed snapshot creation (cpu = 0:0:1, real = 0:0:5, mem = 958.45M, memory increment = 3.86M)
Saving snapshot for fplan view to ss_RISCV_pipeline-post_route.fplan.gif
Saving snapshot for amoeba view to ss_RISCV_pipeline-post_route.amoeba.gif
Saving snapshot for place view to ss_RISCV_pipeline-post_route.place.gif
<CMD> reset_parasitics
Performing RC Extraction ...
<CMD> extractRC
Extraction called for design 'RISCV_pipeline' of instances=45198 and nets=15470 using extraction engine 'preRoute' .
**WARN: (IMPEXT-3530):	The process node is not set. Use the command setDesignMode -process <process node> prior to extraction for maximum accuracy and optimal automatic threshold setting.
Type 'man IMPEXT-3530' for more detail.
PreRoute RC Extraction called for design RISCV_pipeline.
**WARN: (IMPEXT-6197):	The Cap table file is not specified. This will result in lower parasitic accuracy when using preRoute extraction or postRoute extraction with effort level 'low'. It is recommended to generate the Cap table file using the 'generateCapTbl' command and specify it before extraction using 'create_rc_corner/update_rc_corner -cap_table'.
Type 'man IMPEXT-6197' for more detail.
RCMode: PreRoute
Capacitance Scaling Factor   : 1.00000
Resistance Scaling Factor    : 1.00000
Clock Cap Scaling Factor    : 1.00000
Clock Res Scaling Factor     : 1.00000
Shrink Factor                : 1.00000
PreRoute extraction is honoring NDR/Shielding/ExtraSpace for clock nets.
Updating RC grid for preRoute extraction ...
PreRoute RC Extraction DONE (CPU Time: 0:00:00.2  Real Time: 0:00:00.0  MEM: 958.449M)
<CMD> rcOut -setload RISCV_pipeline.setload
   RC-typical , Operating temperature 25 C
<CMD> rcOut -setres RISCV_pipeline.setres
   RC-typical , Operating temperature 25 C
**WARN: (IMPEXT-2882):	Unable to find the resistance for via 'via1_7' in Cap table or LEF or OA files. The default value of 4.0 ohms is being assigned. To avoid this, check the Cap table and LEF and OA files, provide the resistance and read the files again.
**WARN: (IMPEXT-2882):	Unable to find the resistance for via 'via2_5' in Cap table or LEF or OA files. The default value of 4.0 ohms is being assigned. To avoid this, check the Cap table and LEF and OA files, provide the resistance and read the files again.
**WARN: (IMPEXT-2882):	Unable to find the resistance for via 'via3_2' in Cap table or LEF or OA files. The default value of 4.0 ohms is being assigned. To avoid this, check the Cap table and LEF and OA files, provide the resistance and read the files again.
**WARN: (IMPEXT-2882):	Unable to find the resistance for via 'via4_0' in Cap table or LEF or OA files. The default value of 4.0 ohms is being assigned. To avoid this, check the Cap table and LEF and OA files, provide the resistance and read the files again.
**WARN: (IMPEXT-2882):	Unable to find the resistance for via 'via5_0' in Cap table or LEF or OA files. The default value of 4.0 ohms is being assigned. To avoid this, check the Cap table and LEF and OA files, provide the resistance and read the files again.
**WARN: (IMPEXT-2882):	Unable to find the resistance for via 'via6_0' in Cap table or LEF or OA files. The default value of 4.0 ohms is being assigned. To avoid this, check the Cap table and LEF and OA files, provide the resistance and read the files again.
**WARN: (IMPEXT-2882):	Unable to find the resistance for via 'via7_0' in Cap table or LEF or OA files. The default value of 4.0 ohms is being assigned. To avoid this, check the Cap table and LEF and OA files, provide the resistance and read the files again.
**WARN: (IMPEXT-2882):	Unable to find the resistance for via 'via8_0' in Cap table or LEF or OA files. The default value of 4.0 ohms is being assigned. To avoid this, check the Cap table and LEF and OA files, provide the resistance and read the files again.
<CMD> rcOut -spf RISCV_pipeline.spf
   RC-typical , Operating temperature 25 C
Dumping SPF file.....
**WARN: (IMPEXT-2883):	The resistance extracted for a wire belonging to net CLK is 0 ohms. Therefore, a small value of 0.1 ohms is assigned to it.
**WARN: (IMPEXT-2883):	The resistance extracted for a wire belonging to net CLK is 0 ohms. Therefore, a small value of 0.1 ohms is assigned to it.
**WARN: (IMPEXT-2883):	The resistance extracted for a wire belonging to net CLK is 0 ohms. Therefore, a small value of 0.1 ohms is assigned to it.
**WARN: (IMPEXT-2883):	The resistance extracted for a wire belonging to net CLK is 0 ohms. Therefore, a small value of 0.1 ohms is assigned to it.
**WARN: (IMPEXT-2883):	The resistance extracted for a wire belonging to net CLK is 0 ohms. Therefore, a small value of 0.1 ohms is assigned to it.
**WARN: (IMPEXT-2883):	The resistance extracted for a wire belonging to net CLK is 0 ohms. Therefore, a small value of 0.1 ohms is assigned to it.
**WARN: (IMPEXT-2883):	The resistance extracted for a wire belonging to net CLK is 0 ohms. Therefore, a small value of 0.1 ohms is assigned to it.
**WARN: (IMPEXT-2883):	The resistance extracted for a wire belonging to net CLK is 0 ohms. Therefore, a small value of 0.1 ohms is assigned to it.
**WARN: (IMPEXT-2883):	The resistance extracted for a wire belonging to net CLK is 0 ohms. Therefore, a small value of 0.1 ohms is assigned to it.
**WARN: (IMPEXT-2883):	The resistance extracted for a wire belonging to net CLK is 0 ohms. Therefore, a small value of 0.1 ohms is assigned to it.
**WARN: (IMPEXT-2883):	The resistance extracted for a wire belonging to net CLK is 0 ohms. Therefore, a small value of 0.1 ohms is assigned to it.
**WARN: (IMPEXT-2883):	The resistance extracted for a wire belonging to net CLK is 0 ohms. Therefore, a small value of 0.1 ohms is assigned to it.
**WARN: (IMPEXT-2883):	The resistance extracted for a wire belonging to net n11 is 0 ohms. Therefore, a small value of 0.1 ohms is assigned to it.
**WARN: (IMPEXT-2883):	The resistance extracted for a wire belonging to net n56 is 0 ohms. Therefore, a small value of 0.1 ohms is assigned to it.
**WARN: (IMPEXT-2883):	The resistance extracted for a wire belonging to net n95 is 0 ohms. Therefore, a small value of 0.1 ohms is assigned to it.
**WARN: (IMPEXT-2883):	The resistance extracted for a wire belonging to net n102 is 0 ohms. Therefore, a small value of 0.1 ohms is assigned to it.
**WARN: (IMPEXT-2883):	The resistance extracted for a wire belonging to net n120 is 0 ohms. Therefore, a small value of 0.1 ohms is assigned to it.
**WARN: (IMPEXT-2883):	The resistance extracted for a wire belonging to net n124 is 0 ohms. Therefore, a small value of 0.1 ohms is assigned to it.
**WARN: (IMPEXT-2883):	The resistance extracted for a wire belonging to net IF_STAGE_n13 is 0 ohms. Therefore, a small value of 0.1 ohms is assigned to it.
**WARN: (IMPEXT-2883):	The resistance extracted for a wire belonging to net IF_STAGE_PREG_PC_n5 is 0 ohms. Therefore, a small value of 0.1 ohms is assigned to it.
**WARN: (EMS-27):	Message (IMPEXT-2883) has exceeded the current message display limit of 20.
To increase the message display limit, refer to the product command reference manual.
Created SPF File: RISCV_pipeline.spf
<CMD> rcOut -spef RISCV_pipeline.spef
   RC-typical , Operating temperature 25 C
**WARN: (IMPEXT-2883):	The resistance extracted for a wire belonging to net CLK is 0 ohms. Therefore, a small value of 0.1 ohms is assigned to it.
**WARN: (IMPEXT-2883):	The resistance extracted for a wire belonging to net CLK is 0 ohms. Therefore, a small value of 0.1 ohms is assigned to it.
**WARN: (IMPEXT-2883):	The resistance extracted for a wire belonging to net CLK is 0 ohms. Therefore, a small value of 0.1 ohms is assigned to it.
**WARN: (IMPEXT-2883):	The resistance extracted for a wire belonging to net CLK is 0 ohms. Therefore, a small value of 0.1 ohms is assigned to it.
**WARN: (IMPEXT-2883):	The resistance extracted for a wire belonging to net CLK is 0 ohms. Therefore, a small value of 0.1 ohms is assigned to it.
**WARN: (IMPEXT-2883):	The resistance extracted for a wire belonging to net CLK is 0 ohms. Therefore, a small value of 0.1 ohms is assigned to it.
**WARN: (IMPEXT-2883):	The resistance extracted for a wire belonging to net CLK is 0 ohms. Therefore, a small value of 0.1 ohms is assigned to it.
**WARN: (IMPEXT-2883):	The resistance extracted for a wire belonging to net CLK is 0 ohms. Therefore, a small value of 0.1 ohms is assigned to it.
**WARN: (IMPEXT-2883):	The resistance extracted for a wire belonging to net CLK is 0 ohms. Therefore, a small value of 0.1 ohms is assigned to it.
**WARN: (IMPEXT-2883):	The resistance extracted for a wire belonging to net CLK is 0 ohms. Therefore, a small value of 0.1 ohms is assigned to it.
**WARN: (IMPEXT-2883):	The resistance extracted for a wire belonging to net CLK is 0 ohms. Therefore, a small value of 0.1 ohms is assigned to it.
**WARN: (IMPEXT-2883):	The resistance extracted for a wire belonging to net CLK is 0 ohms. Therefore, a small value of 0.1 ohms is assigned to it.
**WARN: (IMPEXT-2883):	The resistance extracted for a wire belonging to net n11 is 0 ohms. Therefore, a small value of 0.1 ohms is assigned to it.
**WARN: (IMPEXT-2883):	The resistance extracted for a wire belonging to net n56 is 0 ohms. Therefore, a small value of 0.1 ohms is assigned to it.
**WARN: (IMPEXT-2883):	The resistance extracted for a wire belonging to net n95 is 0 ohms. Therefore, a small value of 0.1 ohms is assigned to it.
**WARN: (IMPEXT-2883):	The resistance extracted for a wire belonging to net n102 is 0 ohms. Therefore, a small value of 0.1 ohms is assigned to it.
**WARN: (IMPEXT-2883):	The resistance extracted for a wire belonging to net n120 is 0 ohms. Therefore, a small value of 0.1 ohms is assigned to it.
**WARN: (IMPEXT-2883):	The resistance extracted for a wire belonging to net n124 is 0 ohms. Therefore, a small value of 0.1 ohms is assigned to it.
**WARN: (IMPEXT-2883):	The resistance extracted for a wire belonging to net IF_STAGE_n13 is 0 ohms. Therefore, a small value of 0.1 ohms is assigned to it.
**WARN: (IMPEXT-2883):	The resistance extracted for a wire belonging to net IF_STAGE_PREG_PC_n5 is 0 ohms. Therefore, a small value of 0.1 ohms is assigned to it.
**WARN: (EMS-27):	Message (IMPEXT-2883) has exceeded the current message display limit of 20.
To increase the message display limit, refer to the product command reference manual.
<CMD> redirect -quiet {set honorDomain [getAnalysisMode -honorClockDomains]} > /dev/null
<CMD> timeDesign -postRoute -pathReports -drvReports -slackReports -numPaths 50 -prefix RISCV_pipeline_postRoute -outDir timingReports
**ERROR: (IMPOPT-6029):	Timing Library is not loaded yet
**ERROR: (IMPSYT-16):	<CMD> redirect -quiet {set honorDomain [getAnalysisMode -honorClockDomains]} > /dev/null
<CMD> timeDesign -postRoute -pathReports -drvReports -slackReports -numPaths 50 -prefix RISCV_pipeline_postRoute -outDir timingReports
**ERROR: (IMPOPT-6029):	Timing Library is not loaded yet
**ERROR: (IMPSYT-16):	<CMD> set init_mmmc_file mmm_design.tcl
<CMD> init_design
**WARN: (IMPSYT-7329):	Cannot load design with init_design, after design is already in memory.  This command is skipped.

*** Summary of all messages that are not suppressed in this session:
Severity  ID               Count  Summary                                  
WARNING   IMPSYT-7329          1  Cannot load design with init_design, aft...
*** Message Summary: 1 warning(s), 0 error(s)

<CMD> redirect -quiet {set honorDomain [getAnalysisMode -honorClockDomains]} > /dev/null
<CMD> timeDesign -postRoute -pathReports -drvReports -slackReports -numPaths 50 -prefix RISCV_pipeline_postRoute -outDir timingReports
**ERROR: (IMPOPT-6029):	Timing Library is not loaded yet
**ERROR: (IMPSYT-16):	
*** Memory Usage v#1 (Current mem = 974.105M, initial mem = 179.684M) ***
*** Message Summary: 2760 warning(s), 17 error(s)

--- Ending "Innovus" (totcpu=0:06:50, real=0:58:38, mem=974.1M) ---
